                                      1 ;--------------------------------------------------------
                                      2 ; File Created by SDCC : free open source ANSI-C Compiler
                                      3 ; Version 4.2.0 #13081 (MINGW64)
                                      4 ;--------------------------------------------------------
                                      5 	.module soccerlg
                                      6 	.optsdcc -mz80
                                      7 	
                                      8 ;--------------------------------------------------------
                                      9 ; Public variables in this module
                                     10 ;--------------------------------------------------------
                                     11 	.globl _TickGameFieldScrolling
                                     12 	.globl _MainSub
                                     13 	.globl _V9_SetPaletteEntry
                                     14 	.globl _V9_Poke16_CurrentAddr
                                     15 	.globl _V9_WriteVRAM_CurrentAddr
                                     16 	.globl _V9_FillVRAM16_CurrentAddr
                                     17 	.globl _V9_FillVRAM_CurrentAddr
                                     18 	.globl _V9_SetWriteAddress
                                     19 	.globl _V9_SetRegister
                                     20 	.globl _Print_SetTextFont
                                     21 	.globl _g_Team2ActivePlayer
                                     22 	.globl _g_Team1ActivePlayer
                                     23 	.globl _g_ShowButtonsInfo
                                     24 	.globl _g_Team2PaletteId
                                     25 	.globl _g_Team1PaletteId
                                     26 	.globl _g_Players
                                     27 	.globl _g_Ball
                                     28 	.globl _g_PonPonGirls
                                     29 	.globl _g_MatchStatus
                                     30 	.globl _g_ActiveFieldZone
                                     31 	.globl _g_FieldScrollSpeed
                                     32 	.globl _g_FieldCurrentYPosition
                                     33 	.globl _g_FieldScrollingActionInProgress
                                     34 	.globl _g_Timer
                                     35 	.globl _g_FrameCounter
                                     36 	.globl _g_VSynch
                                     37 	.globl _g_SLTSL
                                     38 	.globl _g_GRPACY
                                     39 	.globl _g_GRPACX
                                     40 	.globl _g_LOGOPR
                                     41 	.globl _g_CMASK
                                     42 	.globl _g_CLOC
                                     43 	.globl _g_FNKSTR
                                     44 	.globl _g_ATRBYT
                                     45 	.globl _g_BDRCLR
                                     46 	.globl _g_BAKCLR
                                     47 	.globl _g_FORCLR
                                     48 	.globl _g_CSRX
                                     49 	.globl _g_CSRY
                                     50 	.globl _g_CLIKSW
                                     51 	.globl _g_MLTPAT
                                     52 	.globl _g_MLTATR
                                     53 	.globl _g_MLTCGP
                                     54 	.globl _g_MLTCOL
                                     55 	.globl _g_MLTNAM
                                     56 	.globl _g_GRPPAT
                                     57 	.globl _g_GRPATR
                                     58 	.globl _g_GRPCGP
                                     59 	.globl _g_GRPCOL
                                     60 	.globl _g_GRPNAM
                                     61 	.globl _g_T32PAT
                                     62 	.globl _g_T32ATR
                                     63 	.globl _g_T32CGP
                                     64 	.globl _g_T32COL
                                     65 	.globl _g_T32NAM
                                     66 	.globl _g_TXTPAT
                                     67 	.globl _g_TXTATR
                                     68 	.globl _g_TXTCGP
                                     69 	.globl _g_TXTCOL
                                     70 	.globl _g_TXTNAM
                                     71 	.globl _g_CLMLST
                                     72 	.globl _g_CRTCNT
                                     73 	.globl _g_LINLEN
                                     74 	.globl _g_LINL32
                                     75 	.globl _g_LINL40
                                     76 	.globl _g_BDOS
                                     77 	.globl _g_MASTER
                                     78 	.globl _g_RAMAD3
                                     79 	.globl _g_RAMAD2
                                     80 	.globl _g_RAMAD1
                                     81 	.globl _g_RAMAD0
                                     82 	.globl _g_BREAKV
                                     83 	.globl _g_DISKVE
                                     84 	.globl _g_KANJTABLE
                                     85 	.globl _g_STRSRC
                                     86 	.globl _g_SUBRID
                                     87 	.globl _g_CHAR_16
                                     88 	.globl _g_MSXMID
                                     89 	.globl _g_MSXVER
                                     90 	.globl _g_ROMVersion
                                     91 	.globl _g_BASRVN
                                     92 	.globl _g_VDP_DW
                                     93 	.globl _g_VDP_DR
                                     94 	.globl _g_CGTABL
                                     95 	.globl _g_SVFFFD
                                     96 	.globl _g_RG27SAV
                                     97 	.globl _g_RG26SAV
                                     98 	.globl _g_RG25SAV
                                     99 	.globl _g_SVFFF8
                                    100 	.globl _g_MINROM
                                    101 	.globl _g_RG23SAV
                                    102 	.globl _g_RG22SAV
                                    103 	.globl _g_RG21SAV
                                    104 	.globl _g_RG20SAV
                                    105 	.globl _g_RG19SAV
                                    106 	.globl _g_RG18SAV
                                    107 	.globl _g_RG17SAV
                                    108 	.globl _g_RG16SAV
                                    109 	.globl _g_RG15SAV
                                    110 	.globl _g_RG14SAV
                                    111 	.globl _g_RG13SAV
                                    112 	.globl _g_RG12SAV
                                    113 	.globl _g_RG11SAV
                                    114 	.globl _g_RG10SAV
                                    115 	.globl _g_RG09SAV
                                    116 	.globl _g_RG08SAV
                                    117 	.globl _g_PROCNM
                                    118 	.globl _g_SLTWRK
                                    119 	.globl _g_SLTATR
                                    120 	.globl _g_SLTTBL
                                    121 	.globl _g_EXPTBL
                                    122 	.globl _g_MNROM
                                    123 	.globl _g_DRWANG
                                    124 	.globl _g_DRWSCL
                                    125 	.globl _g_DRWFLG
                                    126 	.globl _g_GYPOS
                                    127 	.globl _g_GXPOS
                                    128 	.globl _g_BRDATR
                                    129 	.globl _g_CASPRV
                                    130 	.globl _g_OLDSCR
                                    131 	.globl _g_SCRMOD
                                    132 	.globl _g_FLBMEM
                                    133 	.globl _g_KANAMD
                                    134 	.globl _g_KANAST
                                    135 	.globl _g_CAPST
                                    136 	.globl _g_CSTYLE
                                    137 	.globl _g_CSRSW
                                    138 	.globl _g_INSFLG
                                    139 	.globl _g_ESCCNT
                                    140 	.globl _g_GRPHED
                                    141 	.globl _g_WINWID
                                    142 	.globl _g_LOWLIM
                                    143 	.globl _g_INTCNT
                                    144 	.globl _g_INTVAL
                                    145 	.globl _g_JIFFY
                                    146 	.globl _g_PADX
                                    147 	.globl _g_PADY
                                    148 	.globl _g_INTFLG
                                    149 	.globl _g_RTYCNT
                                    150 	.globl _g_TRPTBL
                                    151 	.globl _g_HIMEM
                                    152 	.globl _g_BOTTOM
                                    153 	.globl _g_PATWRK
                                    154 	.globl _g_LINWRK
                                    155 	.globl _g_KEYBUF
                                    156 	.globl _g_NEWKEY
                                    157 	.globl _g_OLDKEY
                                    158 	.globl _g_CLIKFL
                                    159 	.globl _g_ONGSBF
                                    160 	.globl _g_FNKFLG
                                    161 	.globl _g_FNKSWI
                                    162 	.globl _g_CODSAV
                                    163 	.globl _g_FSTPOS
                                    164 	.globl _g_LINTTB
                                    165 	.globl _g_BASROM
                                    166 	.globl _g_ENSTOP
                                    167 	.globl _g_VCBC
                                    168 	.globl _g_VCBB
                                    169 	.globl _g_VCBA
                                    170 	.globl _g_PLYCNT
                                    171 	.globl _g_MUSICF
                                    172 	.globl _g_QUEUEN
                                    173 	.globl _g_MCLPTR
                                    174 	.globl _g_MCLLEN
                                    175 	.globl _g_SAVVOL
                                    176 	.globl _g_VOICEN
                                    177 	.globl _g_SAVSP
                                    178 	.globl _g_PRSCNT
                                    179 	.globl _g_LSTMOD
                                    180 	.globl _g_LSTCOM
                                    181 	.globl _g_COMMSK
                                    182 	.globl _g_ESTBLS
                                    183 	.globl _g_FLAGS
                                    184 	.globl _g_ERRORS
                                    185 	.globl _g_DATCNT
                                    186 	.globl _g_DEVNUM
                                    187 	.globl _g_OLDINT
                                    188 	.globl _g_OLDSTT
                                    189 	.globl _g_MEXBIh
                                    190 	.globl _g_RSIQLN
                                    191 	.globl _g_RSFCB
                                    192 	.globl _g_TOCNT
                                    193 	.globl _g_RSTMP
                                    194 	.globl _g_YSAVE
                                    195 	.globl _g_XSAVE
                                    196 	.globl _g_NORUSE
                                    197 	.globl _g_MODE
                                    198 	.globl _g_ROMA
                                    199 	.globl _g_CHRCNT
                                    200 	.globl _g_EXBRSA
                                    201 	.globl _g_AVCSAV
                                    202 	.globl _g_ACPAGE
                                    203 	.globl _g_DPPAGE
                                    204 	.globl _g_RS2IQ
                                    205 	.globl _g_VOICCQ
                                    206 	.globl _g_VOICBQ
                                    207 	.globl _g_VOICAQ
                                    208 	.globl _g_QUEBAK
                                    209 	.globl _g_QUETAB
                                    210 	.globl _g_ASPCT2
                                    211 	.globl _g_ASPCT1
                                    212 	.globl _g_HEADER
                                    213 	.globl _g_HIGH
                                    214 	.globl _g_LOW
                                    215 	.globl _g_CS240
                                    216 	.globl _g_CS120
                                    217 	.globl _g_GETPNT
                                    218 	.globl _g_PUTPNT
                                    219 	.globl _g_REPCNT
                                    220 	.globl _g_SCNCNT
                                    221 	.globl _g_FRCNEW
                                    222 	.globl _g_QUEUES
                                    223 	.globl _g_MINUPD
                                    224 	.globl _g_MAXUPD
                                    225 	.globl _g_TRGFLG
                                    226 	.globl _g_STATFL
                                    227 	.globl _g_RG7SAV
                                    228 	.globl _g_RG6SAV
                                    229 	.globl _g_RG5SAV
                                    230 	.globl _g_RG4SAV
                                    231 	.globl _g_RG3SAV
                                    232 	.globl _g_RG2SAV
                                    233 	.globl _g_RG1SAV
                                    234 	.globl _g_RG0SAV
                                    235 	.globl _g_CNSDFG
                                    236 	.globl _g_USRTAB
                                    237 	.globl _g_CLPRIM
                                    238 	.globl _g_WRPRIM
                                    239 	.globl _g_RDPRIM
                                    240 	.globl _Trampoline_VOID
                                    241 	.globl _Trampoline_VOID_P1
                                    242 	.globl _Trampoline_VOID_RETURN
                                    243 	.globl _LoadMsxVdpFonts
                                    244 	.globl _V9990_LoadButtonsImageData
                                    245 	.globl _V9990_LoadP1LayerA
                                    246 	.globl _V9990_LoadImagePresentationData
                                    247 	.globl _V9990_LoadMenuTeamsData
                                    248 	.globl _V9990_LoadSprites
                                    249 	.globl _V9990_PrintLayerAStringAtPos
                                    250 	.globl _WaitV9990Synch
                                    251 	.globl _V9_InterruptVBlank
                                    252 	.globl _InterruptHook
                                    253 	.globl _main
                                    254 ;--------------------------------------------------------
                                    255 ; special function registers
                                    256 ;--------------------------------------------------------
                         000000A8   257 _g_PortPrimarySlot	=	0x00a8
                         000000A9   258 _g_PortReadKeyboard	=	0x00a9
                         000000AA   259 _g_PortAccessKeyboard	=	0x00aa
                         000000AB   260 _g_PortControl	=	0x00ab
                         00000098   261 _g_VDP_DataPort	=	0x0098
                         00000099   262 _g_VDP_RegPort	=	0x0099
                         00000099   263 _g_VDP_AddrPort	=	0x0099
                         00000099   264 _g_VDP_StatPort	=	0x0099
                         000000A0   265 _g_PSG_RegPort	=	0x00a0
                         000000A1   266 _g_PSG_DataPort	=	0x00a1
                         000000A2   267 _g_PSG_StatPort	=	0x00a2
                         00000010   268 _g_PSG_Ext_RegPort	=	0x0010
                         00000011   269 _g_PSG_Ext_DataPort	=	0x0011
                         00000012   270 _g_PSG_Ext_StatPort	=	0x0012
                         0000007C   271 _g_MSXMusic_IndexPort	=	0x007c
                         0000007D   272 _g_MSXMusic_DataPort	=	0x007d
                         000000C0   273 _g_MSXAudio_IndexPort	=	0x00c0
                         000000C1   274 _g_MSXAudio_DataPort	=	0x00c1
                         000000C2   275 _g_MSXAudio_IndexPort2	=	0x00c2
                         000000C3   276 _g_MSXAudio_DataPort2	=	0x00c3
                         000000B4   277 _g_RTC_AddrPort	=	0x00b4
                         000000B5   278 _g_RTC_DataPort	=	0x00b5
                         00000060   279 _g_V9_VRAMPort	=	0x0060
                         00000061   280 _g_V9_PalettePort	=	0x0061
                         00000062   281 _g_V9_CmdDataPort	=	0x0062
                         00000063   282 _g_V9_RegDataPort	=	0x0063
                         00000064   283 _g_V9_RegSelectPort	=	0x0064
                         00000065   284 _g_V9_SatusPort	=	0x0065
                         00000066   285 _g_V9_IntFlagPort	=	0x0066
                         00000067   286 _g_V9_SysCtrlPort	=	0x0067
                         00000068   287 _g_V9_KanjiAddrLPort	=	0x0068
                         00000069   288 _g_V9_KanjiAddrHPort	=	0x0069
                         00000069   289 _g_V9_KanjiDataPort	=	0x0069
                         0000006A   290 _g_V9_Kanji2AddrLPort	=	0x006a
                         0000006B   291 _g_V9_Kanji2AddrHPort	=	0x006b
                         0000006B   292 _g_V9_Kanji2DataPort	=	0x006b
                         0000006F   293 _g_V9_OutputCtrPort	=	0x006f
                                    294 ;--------------------------------------------------------
                                    295 ; ram data
                                    296 ;--------------------------------------------------------
                                    297 	.area _DATA
                         0000F3AE   298 _g_LINL40	=	0xf3ae
                         0000F3AF   299 _g_LINL32	=	0xf3af
                         0000F3B0   300 _g_LINLEN	=	0xf3b0
                         0000F3B1   301 _g_CRTCNT	=	0xf3b1
                         0000F3B2   302 _g_CLMLST	=	0xf3b2
                         0000F3B3   303 _g_TXTNAM	=	0xf3b3
                         0000F3B5   304 _g_TXTCOL	=	0xf3b5
                         0000F3B7   305 _g_TXTCGP	=	0xf3b7
                         0000F3B9   306 _g_TXTATR	=	0xf3b9
                         0000F3BB   307 _g_TXTPAT	=	0xf3bb
                         0000F3BD   308 _g_T32NAM	=	0xf3bd
                         0000F3BF   309 _g_T32COL	=	0xf3bf
                         0000F3C1   310 _g_T32CGP	=	0xf3c1
                         0000F3C3   311 _g_T32ATR	=	0xf3c3
                         0000F3C5   312 _g_T32PAT	=	0xf3c5
                         0000F3C7   313 _g_GRPNAM	=	0xf3c7
                         0000F3C9   314 _g_GRPCOL	=	0xf3c9
                         0000F3CB   315 _g_GRPCGP	=	0xf3cb
                         0000F3CD   316 _g_GRPATR	=	0xf3cd
                         0000F3CF   317 _g_GRPPAT	=	0xf3cf
                         0000F3D1   318 _g_MLTNAM	=	0xf3d1
                         0000F3D3   319 _g_MLTCOL	=	0xf3d3
                         0000F3D5   320 _g_MLTCGP	=	0xf3d5
                         0000F3D7   321 _g_MLTATR	=	0xf3d7
                         0000F3D9   322 _g_MLTPAT	=	0xf3d9
                         0000F3DB   323 _g_CLIKSW	=	0xf3db
                         0000F3DC   324 _g_CSRY	=	0xf3dc
                         0000F3DD   325 _g_CSRX	=	0xf3dd
                         0000F3E9   326 _g_FORCLR	=	0xf3e9
                         0000F3EA   327 _g_BAKCLR	=	0xf3ea
                         0000F3EB   328 _g_BDRCLR	=	0xf3eb
                         0000F3F2   329 _g_ATRBYT	=	0xf3f2
                         0000F87F   330 _g_FNKSTR	=	0xf87f
                         0000F92A   331 _g_CLOC	=	0xf92a
                         0000F92C   332 _g_CMASK	=	0xf92c
                         0000FB02   333 _g_LOGOPR	=	0xfb02
                         0000FCB7   334 _g_GRPACX	=	0xfcb7
                         0000FCB9   335 _g_GRPACY	=	0xfcb9
                         0000FFFF   336 _g_SLTSL	=	0xffff
    00000000                        337 _g_VSynch::
    00000000                        338 	.ds 1
    00000001                        339 _g_FrameCounter::
    00000001                        340 	.ds 1
    00000002                        341 _g_Timer::
    00000002                        342 	.ds 1
    00000003                        343 _g_FieldScrollingActionInProgress::
    00000003                        344 	.ds 1
    00000004                        345 _g_FieldCurrentYPosition::
    00000004                        346 	.ds 2
    00000006                        347 _g_FieldScrollSpeed::
    00000006                        348 	.ds 1
    00000007                        349 _g_ActiveFieldZone::
    00000007                        350 	.ds 1
    00000008                        351 _g_MatchStatus::
    00000008                        352 	.ds 1
    00000009                        353 _g_PonPonGirls::
    00000009                        354 	.ds 30
    00000027                        355 _g_Ball::
    00000027                        356 	.ds 30
    00000045                        357 _g_Players::
    00000045                        358 	.ds 315
    00000180                        359 _g_Team1PaletteId::
    00000180                        360 	.ds 1
    00000181                        361 _g_Team2PaletteId::
    00000181                        362 	.ds 1
    00000182                        363 _g_ShowButtonsInfo::
    00000182                        364 	.ds 1
    00000183                        365 _g_Team1ActivePlayer::
    00000183                        366 	.ds 1
    00000184                        367 _g_Team2ActivePlayer::
    00000184                        368 	.ds 1
                                    369 ;--------------------------------------------------------
                                    370 ; ram data
                                    371 ;--------------------------------------------------------
                                    372 	.area _INITIALIZED
                                    373 ;--------------------------------------------------------
                                    374 ; absolute external ram data
                                    375 ;--------------------------------------------------------
                                    376 	.area _DABS (ABS)
                                    377 ;--------------------------------------------------------
                                    378 ; global & static initialisations
                                    379 ;--------------------------------------------------------
                                    380 	.area _HOME
                                    381 	.area _GSINIT
                                    382 	.area _GSFINAL
                                    383 	.area _GSINIT
                                    384 ;--------------------------------------------------------
                                    385 ; Home
                                    386 ;--------------------------------------------------------
                                    387 	.area _HOME
                                    388 	.area _HOME
                                    389 ;--------------------------------------------------------
                                    390 ; code
                                    391 ;--------------------------------------------------------
                                    392 	.area _CODE
                                    393 ;./soccerlg.c:67: void Trampoline_VOID(u8 bank, void (*func)()) {
                                    394 ;	---------------------------------
                                    395 ; Function Trampoline_VOID
                                    396 ; ---------------------------------
    00000000                        397 _Trampoline_VOID::
    00000000 47               [ 4]  398 	ld	b, a
                                    399 ;./soccerlg.c:68: u8 _old = GET_BANK_SEGMENT(1);
                                    400 ;E:/Dropbox/FAUSTO/SVILUPPI/MSX/CODE/C/MSXgl/engine/src/rom_mapper.h:250: g_Bank0Segment[b] = s;
    00000001 21r01r00         [10]  401 	ld	hl,#(_g_Bank0Segment + 1)
    00000004 4E               [ 7]  402 	ld	c,(hl)
    00000005 70               [ 7]  403 	ld	(hl), b
                                    404 ;E:/Dropbox/FAUSTO/SVILUPPI/MSX/CODE/C/MSXgl/engine/src/system.h:101: inline void Poke(u16 addr, u8 val) { *(u8*)addr = val; }
    00000006 21 FF 77         [10]  405 	ld	hl, #0x77ff
    00000009 70               [ 7]  406 	ld	(hl), b
                                    407 ;./soccerlg.c:70: func();
    0000000A C5               [11]  408 	push	bc
    0000000B EB               [ 4]  409 	ex	de, hl
    0000000C CDr00r00         [17]  410 	call	___sdcc_call_hl
    0000000F C1               [10]  411 	pop	bc
                                    412 ;E:/Dropbox/FAUSTO/SVILUPPI/MSX/CODE/C/MSXgl/engine/src/rom_mapper.h:250: g_Bank0Segment[b] = s;
    00000010 21r01r00         [10]  413 	ld	hl, #(_g_Bank0Segment + 1)
    00000013 71               [ 7]  414 	ld	(hl), c
                                    415 ;E:/Dropbox/FAUSTO/SVILUPPI/MSX/CODE/C/MSXgl/engine/src/system.h:101: inline void Poke(u16 addr, u8 val) { *(u8*)addr = val; }
    00000014 21 FF 77         [10]  416 	ld	hl, #0x77ff
    00000017 71               [ 7]  417 	ld	(hl), c
                                    418 ;./soccerlg.c:71: SET_BANK_SEGMENT(1, _old);
                                    419 ;./soccerlg.c:72: }
    00000018 C9               [10]  420 	ret
                         0000F380   421 _g_RDPRIM	=	0xf380
                         0000F385   422 _g_WRPRIM	=	0xf385
                         0000F38C   423 _g_CLPRIM	=	0xf38c
                         0000F39A   424 _g_USRTAB	=	0xf39a
                         0000F3DE   425 _g_CNSDFG	=	0xf3de
                         0000F3DF   426 _g_RG0SAV	=	0xf3df
                         0000F3E0   427 _g_RG1SAV	=	0xf3e0
                         0000F3E1   428 _g_RG2SAV	=	0xf3e1
                         0000F3E2   429 _g_RG3SAV	=	0xf3e2
                         0000F3E3   430 _g_RG4SAV	=	0xf3e3
                         0000F3E4   431 _g_RG5SAV	=	0xf3e4
                         0000F3E5   432 _g_RG6SAV	=	0xf3e5
                         0000F3E6   433 _g_RG7SAV	=	0xf3e6
                         0000F3E7   434 _g_STATFL	=	0xf3e7
                         0000F3E8   435 _g_TRGFLG	=	0xf3e8
                         0000F3EC   436 _g_MAXUPD	=	0xf3ec
                         0000F3EF   437 _g_MINUPD	=	0xf3ef
                         0000F3F3   438 _g_QUEUES	=	0xf3f3
                         0000F3F5   439 _g_FRCNEW	=	0xf3f5
                         0000F3F6   440 _g_SCNCNT	=	0xf3f6
                         0000F3F7   441 _g_REPCNT	=	0xf3f7
                         0000F3F8   442 _g_PUTPNT	=	0xf3f8
                         0000F3FA   443 _g_GETPNT	=	0xf3fa
                         0000F3FC   444 _g_CS120	=	0xf3fc
                         0000F401   445 _g_CS240	=	0xf401
                         0000F406   446 _g_LOW	=	0xf406
                         0000F408   447 _g_HIGH	=	0xf408
                         0000F40A   448 _g_HEADER	=	0xf40a
                         0000F40B   449 _g_ASPCT1	=	0xf40b
                         0000F40D   450 _g_ASPCT2	=	0xf40d
                         0000F959   451 _g_QUETAB	=	0xf959
                         0000F971   452 _g_QUEBAK	=	0xf971
                         0000F975   453 _g_VOICAQ	=	0xf975
                         0000F9F5   454 _g_VOICBQ	=	0xf9f5
                         0000FA75   455 _g_VOICCQ	=	0xfa75
                         0000FAF5   456 _g_RS2IQ	=	0xfaf5
                         0000FAF5   457 _g_DPPAGE	=	0xfaf5
                         0000FAF6   458 _g_ACPAGE	=	0xfaf6
                         0000FAF7   459 _g_AVCSAV	=	0xfaf7
                         0000FAF8   460 _g_EXBRSA	=	0xfaf8
                         0000FAF9   461 _g_CHRCNT	=	0xfaf9
                         0000FAFA   462 _g_ROMA	=	0xfafa
                         0000FAFC   463 _g_MODE	=	0xfafc
                         0000FAFD   464 _g_NORUSE	=	0xfafd
                         0000FAFE   465 _g_XSAVE	=	0xfafe
                         0000FB00   466 _g_YSAVE	=	0xfb00
                         0000FB03   467 _g_RSTMP	=	0xfb03
                         0000FB03   468 _g_TOCNT	=	0xfb03
                         0000FB04   469 _g_RSFCB	=	0xfb04
                         0000FB06   470 _g_RSIQLN	=	0xfb06
                         0000FB07   471 _g_MEXBIh	=	0xfb07
                         0000FB0C   472 _g_OLDSTT	=	0xfb0c
                         0000FB0C   473 _g_OLDINT	=	0xfb0c
                         0000FB16   474 _g_DEVNUM	=	0xfb16
                         0000FB17   475 _g_DATCNT	=	0xfb17
                         0000FB1A   476 _g_ERRORS	=	0xfb1a
                         0000FB1B   477 _g_FLAGS	=	0xfb1b
                         0000FB1C   478 _g_ESTBLS	=	0xfb1c
                         0000FB1D   479 _g_COMMSK	=	0xfb1d
                         0000FB1E   480 _g_LSTCOM	=	0xfb1e
                         0000FB1F   481 _g_LSTMOD	=	0xfb1f
                         0000FB35   482 _g_PRSCNT	=	0xfb35
                         0000FB36   483 _g_SAVSP	=	0xfb36
                         0000FB38   484 _g_VOICEN	=	0xfb38
                         0000FB39   485 _g_SAVVOL	=	0xfb39
                         0000FB3B   486 _g_MCLLEN	=	0xfb3b
                         0000FB3C   487 _g_MCLPTR	=	0xfb3c
                         0000FB3E   488 _g_QUEUEN	=	0xfb3e
                         0000FB3F   489 _g_MUSICF	=	0xfb3f
                         0000FB40   490 _g_PLYCNT	=	0xfb40
                         0000FB41   491 _g_VCBA	=	0xfb41
                         0000FB66   492 _g_VCBB	=	0xfb66
                         0000FB8B   493 _g_VCBC	=	0xfb8b
                         0000FBB0   494 _g_ENSTOP	=	0xfbb0
                         0000FBB1   495 _g_BASROM	=	0xfbb1
                         0000FBB2   496 _g_LINTTB	=	0xfbb2
                         0000FBCA   497 _g_FSTPOS	=	0xfbca
                         0000FBCC   498 _g_CODSAV	=	0xfbcc
                         0000FBCD   499 _g_FNKSWI	=	0xfbcd
                         0000FBCE   500 _g_FNKFLG	=	0xfbce
                         0000FBD8   501 _g_ONGSBF	=	0xfbd8
                         0000FBD9   502 _g_CLIKFL	=	0xfbd9
                         0000FBDA   503 _g_OLDKEY	=	0xfbda
                         0000FBE5   504 _g_NEWKEY	=	0xfbe5
                         0000FBF0   505 _g_KEYBUF	=	0xfbf0
                         0000FC18   506 _g_LINWRK	=	0xfc18
                         0000FC40   507 _g_PATWRK	=	0xfc40
                         0000FC48   508 _g_BOTTOM	=	0xfc48
                         0000FC4A   509 _g_HIMEM	=	0xfc4a
                         0000FC4C   510 _g_TRPTBL	=	0xfc4c
                         0000FC9A   511 _g_RTYCNT	=	0xfc9a
                         0000FC9B   512 _g_INTFLG	=	0xfc9b
                         0000FC9C   513 _g_PADY	=	0xfc9c
                         0000FC9D   514 _g_PADX	=	0xfc9d
                         0000FC9E   515 _g_JIFFY	=	0xfc9e
                         0000FCA0   516 _g_INTVAL	=	0xfca0
                         0000FCA2   517 _g_INTCNT	=	0xfca2
                         0000FCA4   518 _g_LOWLIM	=	0xfca4
                         0000FCA5   519 _g_WINWID	=	0xfca5
                         0000FCA6   520 _g_GRPHED	=	0xfca6
                         0000FCA7   521 _g_ESCCNT	=	0xfca7
                         0000FCA8   522 _g_INSFLG	=	0xfca8
                         0000FCA9   523 _g_CSRSW	=	0xfca9
                         0000FCAA   524 _g_CSTYLE	=	0xfcaa
                         0000FCAB   525 _g_CAPST	=	0xfcab
                         0000FCAC   526 _g_KANAST	=	0xfcac
                         0000FCAD   527 _g_KANAMD	=	0xfcad
                         0000FCAE   528 _g_FLBMEM	=	0xfcae
                         0000FCAF   529 _g_SCRMOD	=	0xfcaf
                         0000FCB0   530 _g_OLDSCR	=	0xfcb0
                         0000FCB1   531 _g_CASPRV	=	0xfcb1
                         0000FCB2   532 _g_BRDATR	=	0xfcb2
                         0000FCB3   533 _g_GXPOS	=	0xfcb3
                         0000FCB5   534 _g_GYPOS	=	0xfcb5
                         0000FCBB   535 _g_DRWFLG	=	0xfcbb
                         0000FCBC   536 _g_DRWSCL	=	0xfcbc
                         0000FCBD   537 _g_DRWANG	=	0xfcbd
                         0000FCC1   538 _g_MNROM	=	0xfcc1
                         0000FCC1   539 _g_EXPTBL	=	0xfcc1
                         0000FCC5   540 _g_SLTTBL	=	0xfcc5
                         0000FCC9   541 _g_SLTATR	=	0xfcc9
                         0000FD09   542 _g_SLTWRK	=	0xfd09
                         0000FD89   543 _g_PROCNM	=	0xfd89
                         0000FFE7   544 _g_RG08SAV	=	0xffe7
                         0000FFE8   545 _g_RG09SAV	=	0xffe8
                         0000FFE9   546 _g_RG10SAV	=	0xffe9
                         0000FFEA   547 _g_RG11SAV	=	0xffea
                         0000FFEB   548 _g_RG12SAV	=	0xffeb
                         0000FFEC   549 _g_RG13SAV	=	0xffec
                         0000FFED   550 _g_RG14SAV	=	0xffed
                         0000FFEE   551 _g_RG15SAV	=	0xffee
                         0000FFEF   552 _g_RG16SAV	=	0xffef
                         0000FFF0   553 _g_RG17SAV	=	0xfff0
                         0000FFF1   554 _g_RG18SAV	=	0xfff1
                         0000FFF2   555 _g_RG19SAV	=	0xfff2
                         0000FFF3   556 _g_RG20SAV	=	0xfff3
                         0000FFF4   557 _g_RG21SAV	=	0xfff4
                         0000FFF5   558 _g_RG22SAV	=	0xfff5
                         0000FFF6   559 _g_RG23SAV	=	0xfff6
                         0000FFF7   560 _g_MINROM	=	0xfff7
                         0000FFF8   561 _g_SVFFF8	=	0xfff8
                         0000FFFA   562 _g_RG25SAV	=	0xfffa
                         0000FFFB   563 _g_RG26SAV	=	0xfffb
                         0000FFFC   564 _g_RG27SAV	=	0xfffc
                         0000FFFD   565 _g_SVFFFD	=	0xfffd
                         00000004   566 _g_CGTABL	=	0x0004
                         00000006   567 _g_VDP_DR	=	0x0006
                         00000007   568 _g_VDP_DW	=	0x0007
                         0000002B   569 _g_BASRVN	=	0x002b
                         0000002B   570 _g_ROMVersion	=	0x002b
                         0000002D   571 _g_MSXVER	=	0x002d
                         0000002E   572 _g_MSXMID	=	0x002e
                         00000034   573 _g_CHAR_16	=	0x0034
                         00000000   574 _g_SUBRID	=	0x0000
                         00000002   575 _g_STRSRC	=	0x0002
                         0000F30F   576 _g_KANJTABLE	=	0xf30f
                         0000F323   577 _g_DISKVE	=	0xf323
                         0000F325   578 _g_BREAKV	=	0xf325
                         0000F341   579 _g_RAMAD0	=	0xf341
                         0000F342   580 _g_RAMAD1	=	0xf342
                         0000F343   581 _g_RAMAD2	=	0xf343
                         0000F344   582 _g_RAMAD3	=	0xf344
                         0000F348   583 _g_MASTER	=	0xf348
                         0000F37D   584 _g_BDOS	=	0xf37d
                                    585 ;./soccerlg.c:74: void Trampoline_VOID_P1(u8 bank, void (*func)(u8), u8 p1) {
                                    586 ;	---------------------------------
                                    587 ; Function Trampoline_VOID_P1
                                    588 ; ---------------------------------
    00000019                        589 _Trampoline_VOID_P1::
    00000019 DD E5            [15]  590 	push	ix
    0000001B DD 21 00 00      [14]  591 	ld	ix,#0
    0000001F DD 39            [15]  592 	add	ix,sp
    00000021 47               [ 4]  593 	ld	b, a
                                    594 ;./soccerlg.c:75: u8 _old = GET_BANK_SEGMENT(1);
                                    595 ;E:/Dropbox/FAUSTO/SVILUPPI/MSX/CODE/C/MSXgl/engine/src/rom_mapper.h:250: g_Bank0Segment[b] = s;
    00000022 21r01r00         [10]  596 	ld	hl,#(_g_Bank0Segment + 1)
    00000025 4E               [ 7]  597 	ld	c,(hl)
    00000026 70               [ 7]  598 	ld	(hl), b
                                    599 ;E:/Dropbox/FAUSTO/SVILUPPI/MSX/CODE/C/MSXgl/engine/src/system.h:101: inline void Poke(u16 addr, u8 val) { *(u8*)addr = val; }
    00000027 21 FF 77         [10]  600 	ld	hl, #0x77ff
    0000002A 70               [ 7]  601 	ld	(hl), b
                                    602 ;./soccerlg.c:77: func(p1);
    0000002B C5               [11]  603 	push	bc
    0000002C DD 7E 04         [19]  604 	ld	a, 4 (ix)
    0000002F EB               [ 4]  605 	ex	de, hl
    00000030 CDr00r00         [17]  606 	call	___sdcc_call_hl
    00000033 C1               [10]  607 	pop	bc
                                    608 ;E:/Dropbox/FAUSTO/SVILUPPI/MSX/CODE/C/MSXgl/engine/src/rom_mapper.h:250: g_Bank0Segment[b] = s;
    00000034 21r01r00         [10]  609 	ld	hl, #(_g_Bank0Segment + 1)
    00000037 71               [ 7]  610 	ld	(hl), c
                                    611 ;E:/Dropbox/FAUSTO/SVILUPPI/MSX/CODE/C/MSXgl/engine/src/system.h:101: inline void Poke(u16 addr, u8 val) { *(u8*)addr = val; }
    00000038 21 FF 77         [10]  612 	ld	hl, #0x77ff
    0000003B 71               [ 7]  613 	ld	(hl), c
                                    614 ;./soccerlg.c:78: SET_BANK_SEGMENT(1, _old);
                                    615 ;./soccerlg.c:79: }
    0000003C DD E1            [14]  616 	pop	ix
    0000003E E1               [10]  617 	pop	hl
    0000003F 33               [ 6]  618 	inc	sp
    00000040 E9               [ 4]  619 	jp	(hl)
                                    620 ;./soccerlg.c:82: u8 Trampoline_VOID_RETURN(u8 bank, u8 (*func)()) {
                                    621 ;	---------------------------------
                                    622 ; Function Trampoline_VOID_RETURN
                                    623 ; ---------------------------------
    00000041                        624 _Trampoline_VOID_RETURN::
    00000041 47               [ 4]  625 	ld	b, a
                                    626 ;./soccerlg.c:84: u8 _old = GET_BANK_SEGMENT(1);
                                    627 ;E:/Dropbox/FAUSTO/SVILUPPI/MSX/CODE/C/MSXgl/engine/src/rom_mapper.h:250: g_Bank0Segment[b] = s;
    00000042 21r01r00         [10]  628 	ld	hl,#(_g_Bank0Segment + 1)
    00000045 4E               [ 7]  629 	ld	c,(hl)
    00000046 70               [ 7]  630 	ld	(hl), b
                                    631 ;E:/Dropbox/FAUSTO/SVILUPPI/MSX/CODE/C/MSXgl/engine/src/system.h:101: inline void Poke(u16 addr, u8 val) { *(u8*)addr = val; }
    00000047 21 FF 77         [10]  632 	ld	hl, #0x77ff
    0000004A 70               [ 7]  633 	ld	(hl), b
                                    634 ;./soccerlg.c:86: _res = func();
    0000004B C5               [11]  635 	push	bc
    0000004C EB               [ 4]  636 	ex	de, hl
    0000004D CDr00r00         [17]  637 	call	___sdcc_call_hl
    00000050 C1               [10]  638 	pop	bc
                                    639 ;E:/Dropbox/FAUSTO/SVILUPPI/MSX/CODE/C/MSXgl/engine/src/rom_mapper.h:250: g_Bank0Segment[b] = s;
    00000051 21r01r00         [10]  640 	ld	hl, #(_g_Bank0Segment + 1)
    00000054 71               [ 7]  641 	ld	(hl), c
                                    642 ;E:/Dropbox/FAUSTO/SVILUPPI/MSX/CODE/C/MSXgl/engine/src/system.h:101: inline void Poke(u16 addr, u8 val) { *(u8*)addr = val; }
    00000055 21 FF 77         [10]  643 	ld	hl, #0x77ff
    00000058 71               [ 7]  644 	ld	(hl), c
                                    645 ;./soccerlg.c:88: return _res;
                                    646 ;./soccerlg.c:89: }
    00000059 C9               [10]  647 	ret
                                    648 ;./soccerlg.c:95: void LoadMsxVdpFonts() {
                                    649 ;	---------------------------------
                                    650 ; Function LoadMsxVdpFonts
                                    651 ; ---------------------------------
    0000005A                        652 _LoadMsxVdpFonts::
                                    653 ;./soccerlg.c:96: u8 currentSegment = GET_BANK_SEGMENT(1);
    0000005A 01r01r00         [10]  654 	ld	bc, #_g_Bank0Segment+1
    0000005D 0A               [ 7]  655 	ld	a, (bc)
    0000005E 5F               [ 4]  656 	ld	e, a
                                    657 ;E:/Dropbox/FAUSTO/SVILUPPI/MSX/CODE/C/MSXgl/engine/src/rom_mapper.h:250: g_Bank0Segment[b] = s;
    0000005F 3E 1E            [ 7]  658 	ld	a, #0x1e
    00000061 02               [ 7]  659 	ld	(bc), a
                                    660 ;E:/Dropbox/FAUSTO/SVILUPPI/MSX/CODE/C/MSXgl/engine/src/system.h:101: inline void Poke(u16 addr, u8 val) { *(u8*)addr = val; }
    00000062 21 FF 77         [10]  661 	ld	hl, #0x77ff
    00000065 36 1E            [10]  662 	ld	(hl), #0x1e
                                    663 ;./soccerlg.c:98: Print_SetTextFont(g_Data_Fonts, 1);
    00000067 C5               [11]  664 	push	bc
    00000068 D5               [11]  665 	push	de
    00000069 3E 01            [ 7]  666 	ld	a, #0x01
    0000006B F5               [11]  667 	push	af
    0000006C 33               [ 6]  668 	inc	sp
    0000006D 21r00r00         [10]  669 	ld	hl, #_g_Data_Fonts
    00000070 CDr00r00         [17]  670 	call	_Print_SetTextFont
    00000073 D1               [10]  671 	pop	de
    00000074 C1               [10]  672 	pop	bc
                                    673 ;E:/Dropbox/FAUSTO/SVILUPPI/MSX/CODE/C/MSXgl/engine/src/rom_mapper.h:250: g_Bank0Segment[b] = s;
    00000075 7B               [ 4]  674 	ld	a, e
    00000076 02               [ 7]  675 	ld	(bc), a
                                    676 ;E:/Dropbox/FAUSTO/SVILUPPI/MSX/CODE/C/MSXgl/engine/src/system.h:101: inline void Poke(u16 addr, u8 val) { *(u8*)addr = val; }
    00000077 21 FF 77         [10]  677 	ld	hl, #0x77ff
    0000007A 73               [ 7]  678 	ld	(hl), e
                                    679 ;./soccerlg.c:99: SET_BANK_SEGMENT(1, currentSegment);
                                    680 ;./soccerlg.c:100: }
    0000007B C9               [10]  681 	ret
                                    682 ;./soccerlg.c:106: void V9990_LoadButtonsImageData(){
                                    683 ;	---------------------------------
                                    684 ; Function V9990_LoadButtonsImageData
                                    685 ; ---------------------------------
    0000007C                        686 _V9990_LoadButtonsImageData::
    0000007C DD E5            [15]  687 	push	ix
    0000007E DD 21 00 00      [14]  688 	ld	ix,#0
    00000082 DD 39            [15]  689 	add	ix,sp
    00000084 3B               [ 6]  690 	dec	sp
                                    691 ;E:/Dropbox/FAUSTO/SVILUPPI/MSX/CODE/C/MSXgl/engine/src/rom_mapper.h:250: g_Bank0Segment[b] = s;
    00000085 21r01r00         [10]  692 	ld	hl, #(_g_Bank0Segment + 1)
    00000088 36 2A            [10]  693 	ld	(hl), #0x2a
                                    694 ;E:/Dropbox/FAUSTO/SVILUPPI/MSX/CODE/C/MSXgl/engine/src/system.h:101: inline void Poke(u16 addr, u8 val) { *(u8*)addr = val; }
    0000008A 21 FF 77         [10]  695 	ld	hl, #0x77ff
    0000008D 36 2A            [10]  696 	ld	(hl), #0x2a
                                    697 ;./soccerlg.c:108: V9_WriteVRAM(V9_P1_PGT_A, g_Data_Img_Buttons_Presentation_Part1, sizeof(g_Data_Img_Buttons_Presentation_Part1)); // Load tiles (part 1)
                                    698 ;E:/Dropbox/FAUSTO/SVILUPPI/MSX/CODE/C/MSXgl/engine/src/v9990.h:371: inline void V9_WriteVRAM(u32 addr, const u8* src, u16 count) { V9_SetWriteAddress(addr); V9_WriteVRAM_CurrentAddr(src, count); }
    0000008F 11 00 00         [10]  699 	ld	de, #0x0000
    00000092 21 00 00         [10]  700 	ld	hl, #0x0000
    00000095 CDr00r00         [17]  701 	call	_V9_SetWriteAddress
    00000098 11 00 40         [10]  702 	ld	de, #0x4000
    0000009B 21r00r00         [10]  703 	ld	hl, #_g_Data_Img_Buttons_Presentation_Part1
    0000009E CDr00r00         [17]  704 	call	_V9_WriteVRAM_CurrentAddr
                                    705 ;E:/Dropbox/FAUSTO/SVILUPPI/MSX/CODE/C/MSXgl/engine/src/rom_mapper.h:250: g_Bank0Segment[b] = s;
    000000A1 21r01r00         [10]  706 	ld	hl, #(_g_Bank0Segment + 1)
    000000A4 36 2B            [10]  707 	ld	(hl), #0x2b
                                    708 ;E:/Dropbox/FAUSTO/SVILUPPI/MSX/CODE/C/MSXgl/engine/src/system.h:101: inline void Poke(u16 addr, u8 val) { *(u8*)addr = val; }
    000000A6 21 FF 77         [10]  709 	ld	hl, #0x77ff
    000000A9 36 2B            [10]  710 	ld	(hl), #0x2b
                                    711 ;./soccerlg.c:110: V9_WriteVRAM(V9_P1_PGT_A + 16384, g_Data_Img_Buttons_Presentation_Part2, sizeof(g_Data_Img_Buttons_Presentation_Part2)); // Load tiles (part 2)	
                                    712 ;E:/Dropbox/FAUSTO/SVILUPPI/MSX/CODE/C/MSXgl/engine/src/v9990.h:371: inline void V9_WriteVRAM(u32 addr, const u8* src, u16 count) { V9_SetWriteAddress(addr); V9_WriteVRAM_CurrentAddr(src, count); }
    000000AB 11 00 40         [10]  713 	ld	de, #0x4000
    000000AE 21 00 00         [10]  714 	ld	hl, #0x0000
    000000B1 CDr00r00         [17]  715 	call	_V9_SetWriteAddress
    000000B4 11 00 40         [10]  716 	ld	de, #0x4000
    000000B7 21r00r00         [10]  717 	ld	hl, #_g_Data_Img_Buttons_Presentation_Part2
    000000BA CDr00r00         [17]  718 	call	_V9_WriteVRAM_CurrentAddr
                                    719 ;E:/Dropbox/FAUSTO/SVILUPPI/MSX/CODE/C/MSXgl/engine/src/rom_mapper.h:250: g_Bank0Segment[b] = s;
    000000BD 21r01r00         [10]  720 	ld	hl, #(_g_Bank0Segment + 1)
    000000C0 36 27            [10]  721 	ld	(hl), #0x27
                                    722 ;E:/Dropbox/FAUSTO/SVILUPPI/MSX/CODE/C/MSXgl/engine/src/system.h:101: inline void Poke(u16 addr, u8 val) { *(u8*)addr = val; }
    000000C2 21 FF 77         [10]  723 	ld	hl, #0x77ff
    000000C5 36 27            [10]  724 	ld	(hl), #0x27
                                    725 ;./soccerlg.c:112: V9_SetPalette(0, 16, g_Data_Palette_Buttons); 
    000000C7 01r00r00         [10]  726 	ld	bc, #_g_Data_Palette_Buttons+0
                                    727 ;./soccerlg.c:1028: ERROR: no line number 1028 in file ./soccerlg.c
                                    728 ;	spillPairReg hl
                                    729 ;	spillPairReg hl
    000000CA 21 00 00         [10]  730 	ld	hl, #0x0
                                    731 ;	spillPairReg hl
                                    732 ;	spillPairReg hl
    000000CD                        733 00130$:
    000000CD 7C               [ 4]  734 	ld	a, h
    000000CE D6 10            [ 7]  735 	sub	a, #0x10
    000000D0 30 17            [12]  736 	jr	NC, 00132$
    000000D2 DD 75 FF         [19]  737 	ld	-1 (ix), l
    000000D5 2C               [ 4]  738 	inc	l
    000000D6 E5               [11]  739 	push	hl
    000000D7 C5               [11]  740 	push	bc
    000000D8 59               [ 4]  741 	ld	e, c
    000000D9 50               [ 4]  742 	ld	d, b
    000000DA DD 7E FF         [19]  743 	ld	a, -1 (ix)
    000000DD CDr00r00         [17]  744 	call	_V9_SetPaletteEntry
    000000E0 C1               [10]  745 	pop	bc
    000000E1 E1               [10]  746 	pop	hl
    000000E2 03               [ 6]  747 	inc	bc
    000000E3 03               [ 6]  748 	inc	bc
    000000E4 03               [ 6]  749 	inc	bc
    000000E5 24               [ 4]  750 	inc	h
    000000E6 C3rCDr00         [10]  751 	jp	00130$
                                    752 ;./soccerlg.c:112: ERROR: no line number 112 in file ./soccerlg.c
    000000E9                        753 00132$:
                                    754 ;./soccerlg.c:114: ERROR: no line number 114 in file ./soccerlg.c
    000000E9 33               [ 6]  755 	inc	sp
    000000EA DD E1            [14]  756 	pop	ix
    000000EC C9               [10]  757 	ret
                                    758 ;./soccerlg.c:116: ERROR: no line number 116 in file ./soccerlg.c
                                    759 ;	---------------------------------
                                    760 ; Function V9990_LoadP1LayerA
                                    761 ; ---------------------------------
    000000ED                        762 _V9990_LoadP1LayerA::
    000000ED DD E5            [15]  763 	push	ix
    000000EF DD 21 00 00      [14]  764 	ld	ix,#0
    000000F3 DD 39            [15]  765 	add	ix,sp
    000000F5 3B               [ 6]  766 	dec	sp
                                    767 ;./soccerlg.c:117: ERROR: no line number 117 in file ./soccerlg.c
    000000F6 3Ar01r00         [13]  768 	ld	a, (#(_g_Bank0Segment + 1) + 0)
    000000F9 DD 77 FF         [19]  769 	ld	-1 (ix), a
                                    770 ;E:/Dropbox/FAUSTO/SVILUPPI/MSX/CODE/C/MSXgl/engine/src/v9990.h:353: ERROR: no line number 353 in file E:/Dropbox/FAUSTO/SVILUPPI/MSX/CODE/C/MSXgl/engine/src/v9990.h
    000000FC 11 00 00         [10]  771 	ld	de, #0x0000
    000000FF 21 00 00         [10]  772 	ld	hl, #0x0000
    00000102 CDr00r00         [17]  773 	call	_V9_SetWriteAddress
    00000105 11 00 6A         [10]  774 	ld	de, #0x6a00
    00000108 AF               [ 4]  775 	xor	a, a
    00000109 CDr00r00         [17]  776 	call	_V9_FillVRAM_CurrentAddr
                                    777 ;E:/Dropbox/FAUSTO/SVILUPPI/MSX/CODE/C/MSXgl/engine/src/rom_mapper.h:250: ERROR: no line number 250 in file E:/Dropbox/FAUSTO/SVILUPPI/MSX/CODE/C/MSXgl/engine/src/rom_mapper.h
    0000010C 21r01r00         [10]  778 	ld	hl, #(_g_Bank0Segment + 1)
    0000010F 36 23            [10]  779 	ld	(hl), #0x23
                                    780 ;E:/Dropbox/FAUSTO/SVILUPPI/MSX/CODE/C/MSXgl/engine/src/system.h:101: ERROR: no line number 101 in file E:/Dropbox/FAUSTO/SVILUPPI/MSX/CODE/C/MSXgl/engine/src/system.h
    00000111 21 FF 77         [10]  781 	ld	hl, #0x77ff
    00000114 36 23            [10]  782 	ld	(hl), #0x23
                                    783 ;./soccerlg.c:120: ERROR: no line number 120 in file ./soccerlg.c
                                    784 ;E:/Dropbox/FAUSTO/SVILUPPI/MSX/CODE/C/MSXgl/engine/src/v9990.h:371: ERROR: no line number 371 in file E:/Dropbox/FAUSTO/SVILUPPI/MSX/CODE/C/MSXgl/engine/src/v9990.h
    00000116 11 00 00         [10]  785 	ld	de, #0x0000
    00000119 21 00 00         [10]  786 	ld	hl, #0x0000
    0000011C CDr00r00         [17]  787 	call	_V9_SetWriteAddress
    0000011F 11 00 40         [10]  788 	ld	de, #0x4000
    00000122 21r00r00         [10]  789 	ld	hl, #_g_Data_P1_LayerA_Std
    00000125 CDr00r00         [17]  790 	call	_V9_WriteVRAM_CurrentAddr
                                    791 ;E:/Dropbox/FAUSTO/SVILUPPI/MSX/CODE/C/MSXgl/engine/src/rom_mapper.h:250: ERROR: no line number 250 in file E:/Dropbox/FAUSTO/SVILUPPI/MSX/CODE/C/MSXgl/engine/src/rom_mapper.h
    00000128 21r01r00         [10]  792 	ld	hl, #(_g_Bank0Segment + 1)
    0000012B 36 24            [10]  793 	ld	(hl), #0x24
                                    794 ;E:/Dropbox/FAUSTO/SVILUPPI/MSX/CODE/C/MSXgl/engine/src/system.h:101: ERROR: no line number 101 in file E:/Dropbox/FAUSTO/SVILUPPI/MSX/CODE/C/MSXgl/engine/src/system.h
    0000012D 21 FF 77         [10]  795 	ld	hl, #0x77ff
    00000130 36 24            [10]  796 	ld	(hl), #0x24
                                    797 ;./soccerlg.c:122: ERROR: no line number 122 in file ./soccerlg.c
                                    798 ;E:/Dropbox/FAUSTO/SVILUPPI/MSX/CODE/C/MSXgl/engine/src/v9990.h:371: ERROR: no line number 371 in file E:/Dropbox/FAUSTO/SVILUPPI/MSX/CODE/C/MSXgl/engine/src/v9990.h
    00000132 11 00 20         [10]  799 	ld	de, #0x2000
    00000135 21 00 00         [10]  800 	ld	hl, #0x0000
    00000138 CDr00r00         [17]  801 	call	_V9_SetWriteAddress
    0000013B 11 00 40         [10]  802 	ld	de, #0x4000
    0000013E 21r00r00         [10]  803 	ld	hl, #_g_Data_LayerA_Menu_Teams_Part1
    00000141 CDr00r00         [17]  804 	call	_V9_WriteVRAM_CurrentAddr
                                    805 ;E:/Dropbox/FAUSTO/SVILUPPI/MSX/CODE/C/MSXgl/engine/src/rom_mapper.h:250: ERROR: no line number 250 in file E:/Dropbox/FAUSTO/SVILUPPI/MSX/CODE/C/MSXgl/engine/src/rom_mapper.h
    00000144 21r01r00         [10]  806 	ld	hl, #(_g_Bank0Segment + 1)
    00000147 36 25            [10]  807 	ld	(hl), #0x25
                                    808 ;E:/Dropbox/FAUSTO/SVILUPPI/MSX/CODE/C/MSXgl/engine/src/system.h:101: ERROR: no line number 101 in file E:/Dropbox/FAUSTO/SVILUPPI/MSX/CODE/C/MSXgl/engine/src/system.h
    00000149 21 FF 77         [10]  809 	ld	hl, #0x77ff
    0000014C 36 25            [10]  810 	ld	(hl), #0x25
                                    811 ;./soccerlg.c:124: ERROR: no line number 124 in file ./soccerlg.c
                                    812 ;E:/Dropbox/FAUSTO/SVILUPPI/MSX/CODE/C/MSXgl/engine/src/v9990.h:371: ERROR: no line number 371 in file E:/Dropbox/FAUSTO/SVILUPPI/MSX/CODE/C/MSXgl/engine/src/v9990.h
    0000014E 11 00 60         [10]  813 	ld	de, #0x6000
    00000151 21 00 00         [10]  814 	ld	hl, #0x0000
    00000154 CDr00r00         [17]  815 	call	_V9_SetWriteAddress
    00000157 11 00 10         [10]  816 	ld	de, #0x1000
    0000015A 21r00r00         [10]  817 	ld	hl, #_g_Data_LayerA_Menu_Teams_Part2
    0000015D CDr00r00         [17]  818 	call	_V9_WriteVRAM_CurrentAddr
                                    819 ;E:/Dropbox/FAUSTO/SVILUPPI/MSX/CODE/C/MSXgl/engine/src/v9990.h:362: ERROR: no line number 362 in file E:/Dropbox/FAUSTO/SVILUPPI/MSX/CODE/C/MSXgl/engine/src/v9990.h
    00000160 11 00 C0         [10]  820 	ld	de, #0xc000
    00000163 21 07 00         [10]  821 	ld	hl, #0x0007
    00000166 CDr00r00         [17]  822 	call	_V9_SetWriteAddress
    00000169 11 00 10         [10]  823 	ld	de, #0x1000
    0000016C 21 00 00         [10]  824 	ld	hl, #0x0000
    0000016F CDr00r00         [17]  825 	call	_V9_FillVRAM16_CurrentAddr
                                    826 ;E:/Dropbox/FAUSTO/SVILUPPI/MSX/CODE/C/MSXgl/engine/src/rom_mapper.h:250: ERROR: no line number 250 in file E:/Dropbox/FAUSTO/SVILUPPI/MSX/CODE/C/MSXgl/engine/src/rom_mapper.h
    00000172 21r01r00         [10]  827 	ld	hl, #(_g_Bank0Segment + 1)
    00000175 DD 7E FF         [19]  828 	ld	a, -1 (ix)
    00000178 77               [ 7]  829 	ld	(hl), a
                                    830 ;E:/Dropbox/FAUSTO/SVILUPPI/MSX/CODE/C/MSXgl/engine/src/system.h:101: ERROR: no line number 101 in file E:/Dropbox/FAUSTO/SVILUPPI/MSX/CODE/C/MSXgl/engine/src/system.h
    00000179 21 FF 77         [10]  831 	ld	hl, #0x77ff
    0000017C DD 7E FF         [19]  832 	ld	a, -1 (ix)
    0000017F 77               [ 7]  833 	ld	(hl), a
                                    834 ;./soccerlg.c:126: ERROR: no line number 126 in file ./soccerlg.c
                                    835 ;./soccerlg.c:127: ERROR: no line number 127 in file ./soccerlg.c
    00000180 33               [ 6]  836 	inc	sp
    00000181 DD E1            [14]  837 	pop	ix
    00000183 C9               [10]  838 	ret
                                    839 ;./soccerlg.c:129: ERROR: no line number 129 in file ./soccerlg.c
                                    840 ;	---------------------------------
                                    841 ; Function V9990_LoadImagePresentationData
                                    842 ; ---------------------------------
    00000184                        843 _V9990_LoadImagePresentationData::
                                    844 ;./soccerlg.c:130: ERROR: no line number 130 in file ./soccerlg.c
                                    845 ;E:/Dropbox/FAUSTO/SVILUPPI/MSX/CODE/C/MSXgl/engine/src/rom_mapper.h:250: ERROR: no line number 250 in file E:/Dropbox/FAUSTO/SVILUPPI/MSX/CODE/C/MSXgl/engine/src/rom_mapper.h
    00000184 21r01r00         [10]  846 	ld	hl,#(_g_Bank0Segment + 1)
    00000187 46               [ 7]  847 	ld	b,(hl)
    00000188 36 1F            [10]  848 	ld	(hl), #0x1f
                                    849 ;E:/Dropbox/FAUSTO/SVILUPPI/MSX/CODE/C/MSXgl/engine/src/system.h:101: ERROR: no line number 101 in file E:/Dropbox/FAUSTO/SVILUPPI/MSX/CODE/C/MSXgl/engine/src/system.h
    0000018A 21 FF 77         [10]  850 	ld	hl, #0x77ff
    0000018D 36 1F            [10]  851 	ld	(hl), #0x1f
                                    852 ;./soccerlg.c:132: ERROR: no line number 132 in file ./soccerlg.c
                                    853 ;E:/Dropbox/FAUSTO/SVILUPPI/MSX/CODE/C/MSXgl/engine/src/v9990.h:371: ERROR: no line number 371 in file E:/Dropbox/FAUSTO/SVILUPPI/MSX/CODE/C/MSXgl/engine/src/v9990.h
    0000018F 11 00 00         [10]  854 	ld	de, #0x0000
    00000192 21 00 00         [10]  855 	ld	hl, #0x0000
    00000195 CDr00r00         [17]  856 	call	_V9_SetWriteAddress
    00000198 C5               [11]  857 	push	bc
    00000199 11 00 40         [10]  858 	ld	de, #0x4000
    0000019C 21r00r00         [10]  859 	ld	hl, #_g_Data_Img_Presentation_Part1
    0000019F CDr00r00         [17]  860 	call	_V9_WriteVRAM_CurrentAddr
    000001A2 C1               [10]  861 	pop	bc
                                    862 ;E:/Dropbox/FAUSTO/SVILUPPI/MSX/CODE/C/MSXgl/engine/src/rom_mapper.h:250: ERROR: no line number 250 in file E:/Dropbox/FAUSTO/SVILUPPI/MSX/CODE/C/MSXgl/engine/src/rom_mapper.h
    000001A3 21r01r00         [10]  863 	ld	hl, #(_g_Bank0Segment + 1)
    000001A6 36 20            [10]  864 	ld	(hl), #0x20
                                    865 ;E:/Dropbox/FAUSTO/SVILUPPI/MSX/CODE/C/MSXgl/engine/src/system.h:101: ERROR: no line number 101 in file E:/Dropbox/FAUSTO/SVILUPPI/MSX/CODE/C/MSXgl/engine/src/system.h
    000001A8 21 FF 77         [10]  866 	ld	hl, #0x77ff
    000001AB 36 20            [10]  867 	ld	(hl), #0x20
                                    868 ;./soccerlg.c:134: ERROR: no line number 134 in file ./soccerlg.c
                                    869 ;E:/Dropbox/FAUSTO/SVILUPPI/MSX/CODE/C/MSXgl/engine/src/v9990.h:371: ERROR: no line number 371 in file E:/Dropbox/FAUSTO/SVILUPPI/MSX/CODE/C/MSXgl/engine/src/v9990.h
    000001AD 11 00 40         [10]  870 	ld	de, #0x4000
    000001B0 21 00 00         [10]  871 	ld	hl, #0x0000
    000001B3 CDr00r00         [17]  872 	call	_V9_SetWriteAddress
    000001B6 C5               [11]  873 	push	bc
    000001B7 11 00 40         [10]  874 	ld	de, #0x4000
    000001BA 21r00r00         [10]  875 	ld	hl, #_g_Data_Img_Presentation_Part2
    000001BD CDr00r00         [17]  876 	call	_V9_WriteVRAM_CurrentAddr
    000001C0 C1               [10]  877 	pop	bc
                                    878 ;E:/Dropbox/FAUSTO/SVILUPPI/MSX/CODE/C/MSXgl/engine/src/rom_mapper.h:250: ERROR: no line number 250 in file E:/Dropbox/FAUSTO/SVILUPPI/MSX/CODE/C/MSXgl/engine/src/rom_mapper.h
    000001C1 21r01r00         [10]  879 	ld	hl, #(_g_Bank0Segment + 1)
    000001C4 36 21            [10]  880 	ld	(hl), #0x21
                                    881 ;E:/Dropbox/FAUSTO/SVILUPPI/MSX/CODE/C/MSXgl/engine/src/system.h:101: ERROR: no line number 101 in file E:/Dropbox/FAUSTO/SVILUPPI/MSX/CODE/C/MSXgl/engine/src/system.h
    000001C6 21 FF 77         [10]  882 	ld	hl, #0x77ff
    000001C9 36 21            [10]  883 	ld	(hl), #0x21
                                    884 ;./soccerlg.c:136: ERROR: no line number 136 in file ./soccerlg.c
                                    885 ;E:/Dropbox/FAUSTO/SVILUPPI/MSX/CODE/C/MSXgl/engine/src/v9990.h:371: ERROR: no line number 371 in file E:/Dropbox/FAUSTO/SVILUPPI/MSX/CODE/C/MSXgl/engine/src/v9990.h
    000001CB 11 00 80         [10]  886 	ld	de, #0x8000
    000001CE 21 00 00         [10]  887 	ld	hl, #0x0000
    000001D1 CDr00r00         [17]  888 	call	_V9_SetWriteAddress
    000001D4 C5               [11]  889 	push	bc
    000001D5 11 00 40         [10]  890 	ld	de, #0x4000
    000001D8 21r00r00         [10]  891 	ld	hl, #_g_Data_Img_Presentation_Part3
    000001DB CDr00r00         [17]  892 	call	_V9_WriteVRAM_CurrentAddr
    000001DE C1               [10]  893 	pop	bc
                                    894 ;E:/Dropbox/FAUSTO/SVILUPPI/MSX/CODE/C/MSXgl/engine/src/rom_mapper.h:250: ERROR: no line number 250 in file E:/Dropbox/FAUSTO/SVILUPPI/MSX/CODE/C/MSXgl/engine/src/rom_mapper.h
    000001DF 21r01r00         [10]  895 	ld	hl, #(_g_Bank0Segment + 1)
    000001E2 36 22            [10]  896 	ld	(hl), #0x22
                                    897 ;E:/Dropbox/FAUSTO/SVILUPPI/MSX/CODE/C/MSXgl/engine/src/system.h:101: ERROR: no line number 101 in file E:/Dropbox/FAUSTO/SVILUPPI/MSX/CODE/C/MSXgl/engine/src/system.h
    000001E4 21 FF 77         [10]  898 	ld	hl, #0x77ff
    000001E7 36 22            [10]  899 	ld	(hl), #0x22
                                    900 ;./soccerlg.c:138: ERROR: no line number 138 in file ./soccerlg.c
                                    901 ;E:/Dropbox/FAUSTO/SVILUPPI/MSX/CODE/C/MSXgl/engine/src/v9990.h:371: ERROR: no line number 371 in file E:/Dropbox/FAUSTO/SVILUPPI/MSX/CODE/C/MSXgl/engine/src/v9990.h
    000001E9 11 00 C0         [10]  902 	ld	de, #0xc000
    000001EC 21 00 00         [10]  903 	ld	hl, #0x0000
    000001EF CDr00r00         [17]  904 	call	_V9_SetWriteAddress
    000001F2 C5               [11]  905 	push	bc
    000001F3 11 00 14         [10]  906 	ld	de, #0x1400
    000001F6 21r00r00         [10]  907 	ld	hl, #_g_Data_Img_Presentation_Part4
    000001F9 CDr00r00         [17]  908 	call	_V9_WriteVRAM_CurrentAddr
    000001FC C1               [10]  909 	pop	bc
                                    910 ;E:/Dropbox/FAUSTO/SVILUPPI/MSX/CODE/C/MSXgl/engine/src/rom_mapper.h:250: ERROR: no line number 250 in file E:/Dropbox/FAUSTO/SVILUPPI/MSX/CODE/C/MSXgl/engine/src/rom_mapper.h
    000001FD 21r01r00         [10]  911 	ld	hl, #(_g_Bank0Segment + 1)
    00000200 70               [ 7]  912 	ld	(hl), b
                                    913 ;E:/Dropbox/FAUSTO/SVILUPPI/MSX/CODE/C/MSXgl/engine/src/system.h:101: ERROR: no line number 101 in file E:/Dropbox/FAUSTO/SVILUPPI/MSX/CODE/C/MSXgl/engine/src/system.h
    00000201 21 FF 77         [10]  914 	ld	hl, #0x77ff
    00000204 70               [ 7]  915 	ld	(hl), b
                                    916 ;./soccerlg.c:139: ERROR: no line number 139 in file ./soccerlg.c
                                    917 ;./soccerlg.c:140: ERROR: no line number 140 in file ./soccerlg.c
    00000205 C9               [10]  918 	ret
                                    919 ;./soccerlg.c:142: ERROR: no line number 142 in file ./soccerlg.c
                                    920 ;	---------------------------------
                                    921 ; Function V9990_LoadMenuTeamsData
                                    922 ; ---------------------------------
    00000206                        923 _V9990_LoadMenuTeamsData::
    00000206 DD E5            [15]  924 	push	ix
    00000208 DD 21 00 00      [14]  925 	ld	ix,#0
    0000020C DD 39            [15]  926 	add	ix,sp
    0000020E 21 FB FF         [10]  927 	ld	hl, #-5
    00000211 39               [11]  928 	add	hl, sp
    00000212 F9               [ 6]  929 	ld	sp, hl
                                    930 ;./soccerlg.c:143: ERROR: no line number 143 in file ./soccerlg.c
    00000213 3Ar01r00         [13]  931 	ld	a, (#(_g_Bank0Segment + 1) + 0)
    00000216 DD 77 FB         [19]  932 	ld	-5 (ix), a
                                    933 ;E:/Dropbox/FAUSTO/SVILUPPI/MSX/CODE/C/MSXgl/engine/src/rom_mapper.h:250: ERROR: no line number 250 in file E:/Dropbox/FAUSTO/SVILUPPI/MSX/CODE/C/MSXgl/engine/src/rom_mapper.h
    00000219 21r01r00         [10]  934 	ld	hl, #(_g_Bank0Segment + 1)
    0000021C 36 26            [10]  935 	ld	(hl), #0x26
                                    936 ;E:/Dropbox/FAUSTO/SVILUPPI/MSX/CODE/C/MSXgl/engine/src/system.h:101: ERROR: no line number 101 in file E:/Dropbox/FAUSTO/SVILUPPI/MSX/CODE/C/MSXgl/engine/src/system.h
    0000021E 21 FF 77         [10]  937 	ld	hl, #0x77ff
    00000221 36 26            [10]  938 	ld	(hl), #0x26
                                    939 ;./soccerlg.c:145: ERROR: no line number 145 in file ./soccerlg.c
                                    940 ;E:/Dropbox/FAUSTO/SVILUPPI/MSX/CODE/C/MSXgl/engine/src/v9990.h:371: ERROR: no line number 371 in file E:/Dropbox/FAUSTO/SVILUPPI/MSX/CODE/C/MSXgl/engine/src/v9990.h
    00000223 11 00 20         [10]  941 	ld	de, #0x2000
    00000226 21 04 00         [10]  942 	ld	hl, #0x0004
    00000229 CDr00r00         [17]  943 	call	_V9_SetWriteAddress
    0000022C 11 00 40         [10]  944 	ld	de, #0x4000
    0000022F 21r00r00         [10]  945 	ld	hl, #_g_Data_Teams_Gray_Part1
    00000232 CDr00r00         [17]  946 	call	_V9_WriteVRAM_CurrentAddr
                                    947 ;E:/Dropbox/FAUSTO/SVILUPPI/MSX/CODE/C/MSXgl/engine/src/rom_mapper.h:250: ERROR: no line number 250 in file E:/Dropbox/FAUSTO/SVILUPPI/MSX/CODE/C/MSXgl/engine/src/rom_mapper.h
    00000235 21r01r00         [10]  948 	ld	hl, #(_g_Bank0Segment + 1)
    00000238 36 27            [10]  949 	ld	(hl), #0x27
                                    950 ;E:/Dropbox/FAUSTO/SVILUPPI/MSX/CODE/C/MSXgl/engine/src/system.h:101: ERROR: no line number 101 in file E:/Dropbox/FAUSTO/SVILUPPI/MSX/CODE/C/MSXgl/engine/src/system.h
    0000023A 21 FF 77         [10]  951 	ld	hl, #0x77ff
    0000023D 36 27            [10]  952 	ld	(hl), #0x27
                                    953 ;./soccerlg.c:147: ERROR: no line number 147 in file ./soccerlg.c
                                    954 ;E:/Dropbox/FAUSTO/SVILUPPI/MSX/CODE/C/MSXgl/engine/src/v9990.h:371: ERROR: no line number 371 in file E:/Dropbox/FAUSTO/SVILUPPI/MSX/CODE/C/MSXgl/engine/src/v9990.h
    0000023F 11 00 60         [10]  955 	ld	de, #0x6000
    00000242 21 04 00         [10]  956 	ld	hl, #0x0004
    00000245 CDr00r00         [17]  957 	call	_V9_SetWriteAddress
    00000248 11 00 10         [10]  958 	ld	de, #0x1000
    0000024B 21r00r00         [10]  959 	ld	hl, #_g_Data_Teams_Gray_Part2
    0000024E CDr00r00         [17]  960 	call	_V9_WriteVRAM_CurrentAddr
                                    961 ;E:/Dropbox/FAUSTO/SVILUPPI/MSX/CODE/C/MSXgl/engine/src/v9990.h:362: ERROR: no line number 362 in file E:/Dropbox/FAUSTO/SVILUPPI/MSX/CODE/C/MSXgl/engine/src/v9990.h
    00000251 11 00 E0         [10]  962 	ld	de, #0xe000
    00000254 21 07 00         [10]  963 	ld	hl, #0x0007
    00000257 CDr00r00         [17]  964 	call	_V9_SetWriteAddress
    0000025A 11 00 10         [10]  965 	ld	de, #0x1000
    0000025D 21 00 00         [10]  966 	ld	hl, #0x0000
    00000260 CDr00r00         [17]  967 	call	_V9_FillVRAM16_CurrentAddr
                                    968 ;./soccerlg.c:149: ERROR: no line number 149 in file ./soccerlg.c
    00000263 DD 36 FCr00      [19]  969 	ld	-4 (ix), #<(_g_Data_Palette_Gray_Scale)
    00000267 DD 36 FDs00      [19]  970 	ld	-3 (ix), #>(_g_Data_Palette_Gray_Scale)
                                    971 ;./soccerlg.c:1028: ERROR: no line number 1028 in file ./soccerlg.c
    0000026B DD 36 FE 10      [19]  972 	ld	-2 (ix), #0x10
    0000026F DD 36 FF 00      [19]  973 	ld	-1 (ix), #0x00
    00000273                        974 00142$:
    00000273 DD 7E FF         [19]  975 	ld	a, -1 (ix)
    00000276 D6 10            [ 7]  976 	sub	a, #0x10
    00000278 30 23            [12]  977 	jr	NC, 00122$
    0000027A DD 4E FE         [19]  978 	ld	c, -2 (ix)
    0000027D DD 34 FE         [23]  979 	inc	-2 (ix)
    00000280 DD 5E FC         [19]  980 	ld	e, -4 (ix)
    00000283 DD 56 FD         [19]  981 	ld	d, -3 (ix)
    00000286 79               [ 4]  982 	ld	a, c
    00000287 CDr00r00         [17]  983 	call	_V9_SetPaletteEntry
    0000028A DD 7E FC         [19]  984 	ld	a, -4 (ix)
    0000028D C6 03            [ 7]  985 	add	a, #0x03
    0000028F DD 77 FC         [19]  986 	ld	-4 (ix), a
    00000292 30 03            [12]  987 	jr	NC, 00179$
    00000294 DD 34 FD         [23]  988 	inc	-3 (ix)
    00000297                        989 00179$:
    00000297 DD 34 FF         [23]  990 	inc	-1 (ix)
    0000029A C3r73r02         [10]  991 	jp	00142$
                                    992 ;./soccerlg.c:149: ERROR: no line number 149 in file ./soccerlg.c
    0000029D                        993 00122$:
                                    994 ;E:/Dropbox/FAUSTO/SVILUPPI/MSX/CODE/C/MSXgl/engine/src/rom_mapper.h:250: ERROR: no line number 250 in file E:/Dropbox/FAUSTO/SVILUPPI/MSX/CODE/C/MSXgl/engine/src/rom_mapper.h
    0000029D 21r01r00         [10]  995 	ld	hl, #(_g_Bank0Segment + 1)
    000002A0 36 25            [10]  996 	ld	(hl), #0x25
                                    997 ;E:/Dropbox/FAUSTO/SVILUPPI/MSX/CODE/C/MSXgl/engine/src/system.h:101: ERROR: no line number 101 in file E:/Dropbox/FAUSTO/SVILUPPI/MSX/CODE/C/MSXgl/engine/src/system.h
    000002A2 21 FF 77         [10]  998 	ld	hl, #0x77ff
    000002A5 36 25            [10]  999 	ld	(hl), #0x25
                                   1000 ;./soccerlg.c:151: ERROR: no line number 151 in file ./soccerlg.c
    000002A7 01r00r00         [10] 1001 	ld	bc, #_g_Data_Palette_Teams_Colors+0
                                   1002 ;./soccerlg.c:1028: ERROR: no line number 1028 in file ./soccerlg.c
                                   1003 ;	spillPairReg hl
                                   1004 ;	spillPairReg hl
    000002AA 21 00 00         [10] 1005 	ld	hl, #0x0
                                   1006 ;	spillPairReg hl
                                   1007 ;	spillPairReg hl
    000002AD                       1008 00145$:
    000002AD 7C               [ 4] 1009 	ld	a, h
    000002AE D6 10            [ 7] 1010 	sub	a, #0x10
    000002B0 30 17            [12] 1011 	jr	NC, 00132$
    000002B2 DD 75 FF         [19] 1012 	ld	-1 (ix), l
    000002B5 2C               [ 4] 1013 	inc	l
    000002B6 E5               [11] 1014 	push	hl
    000002B7 C5               [11] 1015 	push	bc
    000002B8 59               [ 4] 1016 	ld	e, c
    000002B9 50               [ 4] 1017 	ld	d, b
    000002BA DD 7E FF         [19] 1018 	ld	a, -1 (ix)
    000002BD CDr00r00         [17] 1019 	call	_V9_SetPaletteEntry
    000002C0 C1               [10] 1020 	pop	bc
    000002C1 E1               [10] 1021 	pop	hl
    000002C2 03               [ 6] 1022 	inc	bc
    000002C3 03               [ 6] 1023 	inc	bc
    000002C4 03               [ 6] 1024 	inc	bc
    000002C5 24               [ 4] 1025 	inc	h
    000002C6 C3rADr02         [10] 1026 	jp	00145$
                                   1027 ;./soccerlg.c:151: ERROR: no line number 151 in file ./soccerlg.c
    000002C9                       1028 00132$:
                                   1029 ;E:/Dropbox/FAUSTO/SVILUPPI/MSX/CODE/C/MSXgl/engine/src/rom_mapper.h:250: ERROR: no line number 250 in file E:/Dropbox/FAUSTO/SVILUPPI/MSX/CODE/C/MSXgl/engine/src/rom_mapper.h
    000002C9 21r01r00         [10] 1030 	ld	hl, #(_g_Bank0Segment + 1)
    000002CC DD 7E FB         [19] 1031 	ld	a, -5 (ix)
    000002CF 77               [ 7] 1032 	ld	(hl), a
                                   1033 ;E:/Dropbox/FAUSTO/SVILUPPI/MSX/CODE/C/MSXgl/engine/src/system.h:101: ERROR: no line number 101 in file E:/Dropbox/FAUSTO/SVILUPPI/MSX/CODE/C/MSXgl/engine/src/system.h
    000002D0 21 FF 77         [10] 1034 	ld	hl, #0x77ff
    000002D3 DD 7E FB         [19] 1035 	ld	a, -5 (ix)
    000002D6 77               [ 7] 1036 	ld	(hl), a
                                   1037 ;./soccerlg.c:152: ERROR: no line number 152 in file ./soccerlg.c
                                   1038 ;./soccerlg.c:153: ERROR: no line number 153 in file ./soccerlg.c
    000002D7 DD F9            [10] 1039 	ld	sp, ix
    000002D9 DD E1            [14] 1040 	pop	ix
    000002DB C9               [10] 1041 	ret
                                   1042 ;./soccerlg.c:156: ERROR: no line number 156 in file ./soccerlg.c
                                   1043 ;	---------------------------------
                                   1044 ; Function V9990_LoadSprites
                                   1045 ; ---------------------------------
    000002DC                       1046 _V9990_LoadSprites::
                                   1047 ;./soccerlg.c:157: ERROR: no line number 157 in file ./soccerlg.c
                                   1048 ;E:/Dropbox/FAUSTO/SVILUPPI/MSX/CODE/C/MSXgl/engine/src/rom_mapper.h:250: ERROR: no line number 250 in file E:/Dropbox/FAUSTO/SVILUPPI/MSX/CODE/C/MSXgl/engine/src/rom_mapper.h
    000002DC 21r01r00         [10] 1049 	ld	hl,#(_g_Bank0Segment + 1)
    000002DF 46               [ 7] 1050 	ld	b,(hl)
    000002E0 36 28            [10] 1051 	ld	(hl), #0x28
                                   1052 ;E:/Dropbox/FAUSTO/SVILUPPI/MSX/CODE/C/MSXgl/engine/src/system.h:101: ERROR: no line number 101 in file E:/Dropbox/FAUSTO/SVILUPPI/MSX/CODE/C/MSXgl/engine/src/system.h
    000002E2 21 FF 77         [10] 1053 	ld	hl, #0x77ff
    000002E5 36 28            [10] 1054 	ld	(hl), #0x28
                                   1055 ;E:/Dropbox/FAUSTO/SVILUPPI/MSX/CODE/C/MSXgl/engine/src/v9990.h:739: ERROR: no line number 739 in file E:/Dropbox/FAUSTO/SVILUPPI/MSX/CODE/C/MSXgl/engine/src/v9990.h
    000002E7 2E 02            [ 7] 1056 	ld	l, #0x02
                                   1057 ;	spillPairReg hl
                                   1058 ;	spillPairReg hl
    000002E9 3E 19            [ 7] 1059 	ld	a, #0x19
    000002EB CDr00r00         [17] 1060 	call	_V9_SetRegister
                                   1061 ;./soccerlg.c:160: ERROR: no line number 160 in file ./soccerlg.c
                                   1062 ;E:/Dropbox/FAUSTO/SVILUPPI/MSX/CODE/C/MSXgl/engine/src/v9990.h:371: ERROR: no line number 371 in file E:/Dropbox/FAUSTO/SVILUPPI/MSX/CODE/C/MSXgl/engine/src/v9990.h
    000002EE 11 00 80         [10] 1063 	ld	de, #0x8000
    000002F1 21 00 00         [10] 1064 	ld	hl, #0x0000
    000002F4 CDr00r00         [17] 1065 	call	_V9_SetWriteAddress
    000002F7 C5               [11] 1066 	push	bc
    000002F8 11 00 40         [10] 1067 	ld	de, #0x4000
    000002FB 21r00r00         [10] 1068 	ld	hl, #_g_Data_Sprites_Part1
    000002FE CDr00r00         [17] 1069 	call	_V9_WriteVRAM_CurrentAddr
    00000301 C1               [10] 1070 	pop	bc
                                   1071 ;E:/Dropbox/FAUSTO/SVILUPPI/MSX/CODE/C/MSXgl/engine/src/rom_mapper.h:250: ERROR: no line number 250 in file E:/Dropbox/FAUSTO/SVILUPPI/MSX/CODE/C/MSXgl/engine/src/rom_mapper.h
    00000302 21r01r00         [10] 1072 	ld	hl, #(_g_Bank0Segment + 1)
    00000305 36 29            [10] 1073 	ld	(hl), #0x29
                                   1074 ;E:/Dropbox/FAUSTO/SVILUPPI/MSX/CODE/C/MSXgl/engine/src/system.h:101: ERROR: no line number 101 in file E:/Dropbox/FAUSTO/SVILUPPI/MSX/CODE/C/MSXgl/engine/src/system.h
    00000307 21 FF 77         [10] 1075 	ld	hl, #0x77ff
    0000030A 36 29            [10] 1076 	ld	(hl), #0x29
                                   1077 ;./soccerlg.c:162: ERROR: no line number 162 in file ./soccerlg.c
                                   1078 ;E:/Dropbox/FAUSTO/SVILUPPI/MSX/CODE/C/MSXgl/engine/src/v9990.h:371: ERROR: no line number 371 in file E:/Dropbox/FAUSTO/SVILUPPI/MSX/CODE/C/MSXgl/engine/src/v9990.h
    0000030C 11 00 C0         [10] 1079 	ld	de, #0xc000
    0000030F 21 00 00         [10] 1080 	ld	hl, #0x0000
    00000312 CDr00r00         [17] 1081 	call	_V9_SetWriteAddress
    00000315 C5               [11] 1082 	push	bc
    00000316 11 00 40         [10] 1083 	ld	de, #0x4000
    00000319 21r00r00         [10] 1084 	ld	hl, #_g_Data_Sprites_Part2
    0000031C CDr00r00         [17] 1085 	call	_V9_WriteVRAM_CurrentAddr
    0000031F C1               [10] 1086 	pop	bc
                                   1087 ;E:/Dropbox/FAUSTO/SVILUPPI/MSX/CODE/C/MSXgl/engine/src/rom_mapper.h:250: ERROR: no line number 250 in file E:/Dropbox/FAUSTO/SVILUPPI/MSX/CODE/C/MSXgl/engine/src/rom_mapper.h
    00000320 21r01r00         [10] 1088 	ld	hl, #(_g_Bank0Segment + 1)
    00000323 70               [ 7] 1089 	ld	(hl), b
                                   1090 ;E:/Dropbox/FAUSTO/SVILUPPI/MSX/CODE/C/MSXgl/engine/src/system.h:101: ERROR: no line number 101 in file E:/Dropbox/FAUSTO/SVILUPPI/MSX/CODE/C/MSXgl/engine/src/system.h
    00000324 21 FF 77         [10] 1091 	ld	hl, #0x77ff
    00000327 70               [ 7] 1092 	ld	(hl), b
                                   1093 ;./soccerlg.c:163: ERROR: no line number 163 in file ./soccerlg.c
                                   1094 ;./soccerlg.c:165: ERROR: no line number 165 in file ./soccerlg.c
    00000328 C9               [10] 1095 	ret
                                   1096 ;./soccerlg.c:168: ERROR: no line number 168 in file ./soccerlg.c
                                   1097 ;	---------------------------------
                                   1098 ; Function V9990_PrintLayerAStringAtPos
                                   1099 ; ---------------------------------
    00000329                       1100 _V9990_PrintLayerAStringAtPos::
    00000329 DD E5            [15] 1101 	push	ix
    0000032B DD 21 00 00      [14] 1102 	ld	ix,#0
    0000032F DD 39            [15] 1103 	add	ix,sp
    00000331 F5               [11] 1104 	push	af
    00000332 F5               [11] 1105 	push	af
    00000333 DD 77 FF         [19] 1106 	ld	-1 (ix), a
    00000336 DD 75 FE         [19] 1107 	ld	-2 (ix), l
                                   1108 ;./soccerlg.c:171: ERROR: no line number 171 in file ./soccerlg.c
    00000339 DD 5E 04         [19] 1109 	ld	e, 4 (ix)
    0000033C DD 56 05         [19] 1110 	ld	d, 5 (ix)
    0000033F                       1111 00101$:
    0000033F 1A               [ 7] 1112 	ld	a, (de)
    00000340 B7               [ 4] 1113 	or	a, a
    00000341 28 3D            [12] 1114 	jr	Z, 00106$
                                   1115 ;./soccerlg.c:172: ERROR: no line number 172 in file ./soccerlg.c
    00000343 13               [ 6] 1116 	inc	de
    00000344 DD 77 FC         [19] 1117 	ld	-4 (ix), a
    00000347 DD 36 FD 00      [19] 1118 	ld	-3 (ix), #0x00
                                   1119 ;E:/Dropbox/FAUSTO/SVILUPPI/MSX/CODE/C/MSXgl/engine/src/v9990.h:1426: ERROR: no line number 1426 in file E:/Dropbox/FAUSTO/SVILUPPI/MSX/CODE/C/MSXgl/engine/src/v9990.h
    0000034B DD 6E FE         [19] 1120 	ld	l, -2 (ix)
                                   1121 ;	spillPairReg hl
                                   1122 ;	spillPairReg hl
    0000034E 26 00            [ 7] 1123 	ld	h, #0x00
                                   1124 ;	spillPairReg hl
                                   1125 ;	spillPairReg hl
    00000350 29               [11] 1126 	add	hl, hl
    00000351 29               [11] 1127 	add	hl, hl
    00000352 29               [11] 1128 	add	hl, hl
    00000353 29               [11] 1129 	add	hl, hl
    00000354 29               [11] 1130 	add	hl, hl
    00000355 29               [11] 1131 	add	hl, hl
    00000356 DD 4E FF         [19] 1132 	ld	c, -1 (ix)
    00000359 06 00            [ 7] 1133 	ld	b, #0x00
    0000035B 09               [11] 1134 	add	hl, bc
    0000035C 29               [11] 1135 	add	hl, hl
    0000035D 7C               [ 4] 1136 	ld	a, h
    0000035E 07               [ 4] 1137 	rlca
    0000035F 9F               [ 4] 1138 	sbc	a, a
    00000360 4F               [ 4] 1139 	ld	c, a
    00000361 47               [ 4] 1140 	ld	b, a
    00000362 7C               [ 4] 1141 	ld	a, h
    00000363 C6 C0            [ 7] 1142 	add	a, #0xc0
    00000365 67               [ 4] 1143 	ld	h, a
                                   1144 ;	spillPairReg hl
                                   1145 ;	spillPairReg hl
    00000366 79               [ 4] 1146 	ld	a, c
    00000367 CE 07            [ 7] 1147 	adc	a, #0x07
    00000369 4F               [ 4] 1148 	ld	c, a
    0000036A 30 01            [12] 1149 	jr	NC, 00119$
    0000036C 04               [ 4] 1150 	inc	b
    0000036D                       1151 00119$:
                                   1152 ;E:/Dropbox/FAUSTO/SVILUPPI/MSX/CODE/C/MSXgl/engine/src/v9990.h:396: ERROR: no line number 396 in file E:/Dropbox/FAUSTO/SVILUPPI/MSX/CODE/C/MSXgl/engine/src/v9990.h
    0000036D EB               [ 4] 1153 	ex	de, hl
    0000036E E5               [11] 1154 	push	hl
    0000036F 69               [ 4] 1155 	ld	l, c
                                   1156 ;	spillPairReg hl
                                   1157 ;	spillPairReg hl
    00000370 60               [ 4] 1158 	ld	h, b
                                   1159 ;	spillPairReg hl
                                   1160 ;	spillPairReg hl
    00000371 CDr00r00         [17] 1161 	call	_V9_SetWriteAddress
    00000374 D1               [10] 1162 	pop	de
    00000375 E1               [10] 1163 	pop	hl
    00000376 E5               [11] 1164 	push	hl
    00000377 CDr00r00         [17] 1165 	call	_V9_Poke16_CurrentAddr
                                   1166 ;./soccerlg.c:173: ERROR: no line number 173 in file ./soccerlg.c
    0000037A DD 34 FF         [23] 1167 	inc	-1 (ix)
                                   1168 ;./soccerlg.c:174: ERROR: no line number 174 in file ./soccerlg.c
    0000037D C3r3Fr03         [10] 1169 	jp	00101$
    00000380                       1170 00106$:
                                   1171 ;./soccerlg.c:177: ERROR: no line number 177 in file ./soccerlg.c
    00000380 DD F9            [10] 1172 	ld	sp, ix
    00000382 DD E1            [14] 1173 	pop	ix
    00000384 E1               [10] 1174 	pop	hl
    00000385 F1               [10] 1175 	pop	af
    00000386 E9               [ 4] 1176 	jp	(hl)
                                   1177 ;./soccerlg.c:180: ERROR: no line number 180 in file ./soccerlg.c
                                   1178 ;	---------------------------------
                                   1179 ; Function WaitV9990Synch
                                   1180 ; ---------------------------------
    00000387                       1181 _WaitV9990Synch::
                                   1182 ;./soccerlg.c:182: ERROR: no line number 182 in file ./soccerlg.c
    00000387                       1183 00101$:
    00000387 3Ar00r00         [13] 1184 	ld	a, (_g_VSynch+0)
    0000038A B7               [ 4] 1185 	or	a, a
    0000038B 28 FA            [12] 1186 	jr	Z, 00101$
                                   1187 ;./soccerlg.c:183: ERROR: no line number 183 in file ./soccerlg.c
    0000038D 21r00r00         [10] 1188 	ld	hl, #_g_VSynch
    00000390 36 00            [10] 1189 	ld	(hl), #0x00
                                   1190 ;./soccerlg.c:184: ERROR: no line number 184 in file ./soccerlg.c
    00000392 FD 21r01r00      [14] 1191 	ld	iy, #_g_FrameCounter
    00000396 FD 34 00         [23] 1192 	inc	0 (iy)
                                   1193 ;./soccerlg.c:185: ERROR: no line number 185 in file ./soccerlg.c
    00000399 3Ar01r00         [13] 1194 	ld	a, (_g_FrameCounter+0)
    0000039C D6 3C            [ 7] 1195 	sub	a, #0x3c
    0000039E C0               [11] 1196 	ret	NZ
                                   1197 ;./soccerlg.c:186: ERROR: no line number 186 in file ./soccerlg.c
    0000039F FD 36 00 00      [19] 1198 	ld	0 (iy), #0x00
                                   1199 ;./soccerlg.c:188: ERROR: no line number 188 in file ./soccerlg.c
    000003A3 C9               [10] 1200 	ret
                                   1201 ;./soccerlg.c:191: ERROR: no line number 191 in file ./soccerlg.c
                                   1202 ;	---------------------------------
                                   1203 ; Function V9_InterruptVBlank
                                   1204 ; ---------------------------------
    000003A4                       1205 _V9_InterruptVBlank::
                                   1206 ;./soccerlg.c:193: ERROR: no line number 193 in file ./soccerlg.c
    000003A4 3Ar08r00         [13] 1207 	ld	a, (_g_MatchStatus+0)
    000003A7 D6 0F            [ 7] 1208 	sub	a, #0x0f
    000003A9 20 05            [12] 1209 	jr	NZ, 00102$
                                   1210 ;./soccerlg.c:194: ERROR: no line number 194 in file ./soccerlg.c
    000003AB 21r02r00         [10] 1211 	ld	hl, #_g_Timer
    000003AE 34               [11] 1212 	inc	(hl)
                                   1213 ;./soccerlg.c:195: ERROR: no line number 195 in file ./soccerlg.c
    000003AF C9               [10] 1214 	ret
    000003B0                       1215 00102$:
                                   1216 ;./soccerlg.c:198: ERROR: no line number 198 in file ./soccerlg.c
    000003B0 FD 21r00r00      [14] 1217 	ld	iy, #_g_VSynch
    000003B4 FD 36 00 01      [19] 1218 	ld	0 (iy), #0x01
                                   1219 ;./soccerlg.c:199: ERROR: no line number 199 in file ./soccerlg.c
    000003B8 3Ar03r00         [13] 1220 	ld	a, (_g_FieldScrollingActionInProgress+0)
    000003BB 3C               [ 4] 1221 	inc	a
    000003BC C8               [11] 1222 	ret	Z
                                   1223 ;E:/Dropbox/FAUSTO/SVILUPPI/MSX/CODE/C/MSXgl/engine/src/rom_mapper.h:250: ERROR: no line number 250 in file E:/Dropbox/FAUSTO/SVILUPPI/MSX/CODE/C/MSXgl/engine/src/rom_mapper.h
    000003BD 21r01r00         [10] 1224 	ld	hl, #(_g_Bank0Segment + 1)
    000003C0 36 02            [10] 1225 	ld	(hl), #0x02
                                   1226 ;E:/Dropbox/FAUSTO/SVILUPPI/MSX/CODE/C/MSXgl/engine/src/system.h:101: ERROR: no line number 101 in file E:/Dropbox/FAUSTO/SVILUPPI/MSX/CODE/C/MSXgl/engine/src/system.h
    000003C2 21 FF 77         [10] 1227 	ld	hl, #0x77ff
    000003C5 36 02            [10] 1228 	ld	(hl), #0x02
                                   1229 ;./soccerlg.c:201: ERROR: no line number 201 in file ./soccerlg.c
                                   1230 ;./soccerlg.c:206: ERROR: no line number 206 in file ./soccerlg.c
    000003C7 C3r00r00         [10] 1231 	jp	_TickGameFieldScrolling
                                   1232 ;./soccerlg.c:209: ERROR: no line number 209 in file ./soccerlg.c
                                   1233 ;	---------------------------------
                                   1234 ; Function InterruptHook
                                   1235 ; ---------------------------------
    000003CA                       1236 _InterruptHook::
                                   1237 ;./soccerlg.c:221: ERROR: no line number 221 in file ./soccerlg.c
    000003CA DB 99            [11] 1238 	in	a, (0x99)
    000003CC DB 66            [11] 1239 	in	a, (0x66)
    000003CE D3 66            [11] 1240 	out	(0x66), a
    000003D0 1F               [ 4] 1241 	rra
    000003D1 DCrA4r03         [17] 1242 	call	c, _V9_InterruptVBlank
                                   1243 ;./soccerlg.c:222: ERROR: no line number 222 in file ./soccerlg.c
    000003D4 C9               [10] 1244 	ret
                                   1245 ;./soccerlg.c:227: ERROR: no line number 227 in file ./soccerlg.c
                                   1246 ;	---------------------------------
                                   1247 ; Function main
                                   1248 ; ---------------------------------
    000003D5                       1249 _main::
                                   1250 ;./soccerlg.c:228: ERROR: no line number 228 in file ./soccerlg.c
    000003D5 01rCAr03         [10] 1251 	ld	bc, #_InterruptHook
                                   1252 ;E:/Dropbox/FAUSTO/SVILUPPI/MSX/CODE/C/MSXgl/engine/src/bios_hook.h:37: ERROR: no line number 37 in file E:/Dropbox/FAUSTO/SVILUPPI/MSX/CODE/C/MSXgl/engine/src/bios_hook.h
    000003D8 21 9A FD         [10] 1253 	ld	hl, #0xfd9a
    000003DB 36 C3            [10] 1254 	ld	(hl), #0xc3
                                   1255 ;E:/Dropbox/FAUSTO/SVILUPPI/MSX/CODE/C/MSXgl/engine/src/bios_hook.h:38: ERROR: no line number 38 in file E:/Dropbox/FAUSTO/SVILUPPI/MSX/CODE/C/MSXgl/engine/src/bios_hook.h
    000003DD ED 43 9B FD      [20] 1256 	ld	(0xfd9b), bc
                                   1257 ;E:/Dropbox/FAUSTO/SVILUPPI/MSX/CODE/C/MSXgl/engine/src/bios_hook.h:62: ERROR: no line number 62 in file E:/Dropbox/FAUSTO/SVILUPPI/MSX/CODE/C/MSXgl/engine/src/bios_hook.h
    000003E1 2E 9F            [ 7] 1258 	ld	l, #0x9f
    000003E3 36 C9            [10] 1259 	ld	(hl), #0xc9
                                   1260 ;./soccerlg.c:230: ERROR: no line number 230 in file ./soccerlg.c
    000003E5 11r00r00         [10] 1261 	ld	de, #_MainSub
    000003E8 3E 02            [ 7] 1262 	ld	a, #0x02
                                   1263 ;./soccerlg.c:231: ERROR: no line number 231 in file ./soccerlg.c
    000003EA C3r00r00         [10] 1264 	jp	_Trampoline_VOID
                                   1265 	.area _CODE
                                   1266 	.area _INITIALIZER
                                   1267 	.area _CABS (ABS)
