                                      1 ;--------------------------------------------------------
                                      2 ; File Created by SDCC : free open source ANSI-C Compiler
                                      3 ; Version 4.2.0 #13081 (MINGW64)
                                      4 ;--------------------------------------------------------
                                      5 	.module soccerlg_s3_b1
                                      6 	.optsdcc -mz80
                                      7 	
                                      8 ;--------------------------------------------------------
                                      9 ; Public variables in this module
                                     10 ;--------------------------------------------------------
                                     11 	.globl _V9990_LoadP1LayerA
                                     12 	.globl _V9_SetPaletteEntry
                                     13 	.globl _V9_SetScreenMode
                                     14 	.globl _V9_WriteVRAM_CurrentAddr
                                     15 	.globl _V9_SetWriteAddress
                                     16 	.globl _V9_GetRegister
                                     17 	.globl _V9_SetRegister
                                     18 	.globl _g_SLTSL
                                     19 	.globl _g_GRPACY
                                     20 	.globl _g_GRPACX
                                     21 	.globl _g_LOGOPR
                                     22 	.globl _g_CMASK
                                     23 	.globl _g_CLOC
                                     24 	.globl _g_FNKSTR
                                     25 	.globl _g_ATRBYT
                                     26 	.globl _g_BDRCLR
                                     27 	.globl _g_BAKCLR
                                     28 	.globl _g_FORCLR
                                     29 	.globl _g_CSRX
                                     30 	.globl _g_CSRY
                                     31 	.globl _g_CLIKSW
                                     32 	.globl _g_MLTPAT
                                     33 	.globl _g_MLTATR
                                     34 	.globl _g_MLTCGP
                                     35 	.globl _g_MLTCOL
                                     36 	.globl _g_MLTNAM
                                     37 	.globl _g_GRPPAT
                                     38 	.globl _g_GRPATR
                                     39 	.globl _g_GRPCGP
                                     40 	.globl _g_GRPCOL
                                     41 	.globl _g_GRPNAM
                                     42 	.globl _g_T32PAT
                                     43 	.globl _g_T32ATR
                                     44 	.globl _g_T32CGP
                                     45 	.globl _g_T32COL
                                     46 	.globl _g_T32NAM
                                     47 	.globl _g_TXTPAT
                                     48 	.globl _g_TXTATR
                                     49 	.globl _g_TXTCGP
                                     50 	.globl _g_TXTCOL
                                     51 	.globl _g_TXTNAM
                                     52 	.globl _g_CLMLST
                                     53 	.globl _g_CRTCNT
                                     54 	.globl _g_LINLEN
                                     55 	.globl _g_LINL32
                                     56 	.globl _g_LINL40
                                     57 	.globl _g_Data_Palette_LayerB_Standard
                                     58 	.globl _g_Data_Palette_LayerA_Standard
                                     59 	.globl _g_PonPonGirlsPos
                                     60 	.globl _g_GirlPatterns
                                     61 	.globl _g_BDOS
                                     62 	.globl _g_MASTER
                                     63 	.globl _g_RAMAD3
                                     64 	.globl _g_RAMAD2
                                     65 	.globl _g_RAMAD1
                                     66 	.globl _g_RAMAD0
                                     67 	.globl _g_BREAKV
                                     68 	.globl _g_DISKVE
                                     69 	.globl _g_KANJTABLE
                                     70 	.globl _g_STRSRC
                                     71 	.globl _g_SUBRID
                                     72 	.globl _g_CHAR_16
                                     73 	.globl _g_MSXMID
                                     74 	.globl _g_MSXVER
                                     75 	.globl _g_ROMVersion
                                     76 	.globl _g_BASRVN
                                     77 	.globl _g_VDP_DW
                                     78 	.globl _g_VDP_DR
                                     79 	.globl _g_CGTABL
                                     80 	.globl _g_SVFFFD
                                     81 	.globl _g_RG27SAV
                                     82 	.globl _g_RG26SAV
                                     83 	.globl _g_RG25SAV
                                     84 	.globl _g_SVFFF8
                                     85 	.globl _g_MINROM
                                     86 	.globl _g_RG23SAV
                                     87 	.globl _g_RG22SAV
                                     88 	.globl _g_RG21SAV
                                     89 	.globl _g_RG20SAV
                                     90 	.globl _g_RG19SAV
                                     91 	.globl _g_RG18SAV
                                     92 	.globl _g_RG17SAV
                                     93 	.globl _g_RG16SAV
                                     94 	.globl _g_RG15SAV
                                     95 	.globl _g_RG14SAV
                                     96 	.globl _g_RG13SAV
                                     97 	.globl _g_RG12SAV
                                     98 	.globl _g_RG11SAV
                                     99 	.globl _g_RG10SAV
                                    100 	.globl _g_RG09SAV
                                    101 	.globl _g_RG08SAV
                                    102 	.globl _g_PROCNM
                                    103 	.globl _g_SLTWRK
                                    104 	.globl _g_SLTATR
                                    105 	.globl _g_SLTTBL
                                    106 	.globl _g_EXPTBL
                                    107 	.globl _g_MNROM
                                    108 	.globl _g_DRWANG
                                    109 	.globl _g_DRWSCL
                                    110 	.globl _g_DRWFLG
                                    111 	.globl _g_GYPOS
                                    112 	.globl _g_GXPOS
                                    113 	.globl _g_BRDATR
                                    114 	.globl _g_CASPRV
                                    115 	.globl _g_OLDSCR
                                    116 	.globl _g_SCRMOD
                                    117 	.globl _g_FLBMEM
                                    118 	.globl _g_KANAMD
                                    119 	.globl _g_KANAST
                                    120 	.globl _g_CAPST
                                    121 	.globl _g_CSTYLE
                                    122 	.globl _g_CSRSW
                                    123 	.globl _g_INSFLG
                                    124 	.globl _g_ESCCNT
                                    125 	.globl _g_GRPHED
                                    126 	.globl _g_WINWID
                                    127 	.globl _g_LOWLIM
                                    128 	.globl _g_INTCNT
                                    129 	.globl _g_INTVAL
                                    130 	.globl _g_JIFFY
                                    131 	.globl _g_PADX
                                    132 	.globl _g_PADY
                                    133 	.globl _g_INTFLG
                                    134 	.globl _g_RTYCNT
                                    135 	.globl _g_TRPTBL
                                    136 	.globl _g_HIMEM
                                    137 	.globl _g_BOTTOM
                                    138 	.globl _g_PATWRK
                                    139 	.globl _g_LINWRK
                                    140 	.globl _g_KEYBUF
                                    141 	.globl _g_NEWKEY
                                    142 	.globl _g_OLDKEY
                                    143 	.globl _g_CLIKFL
                                    144 	.globl _g_ONGSBF
                                    145 	.globl _g_FNKFLG
                                    146 	.globl _g_FNKSWI
                                    147 	.globl _g_CODSAV
                                    148 	.globl _g_FSTPOS
                                    149 	.globl _g_LINTTB
                                    150 	.globl _g_BASROM
                                    151 	.globl _g_ENSTOP
                                    152 	.globl _g_VCBC
                                    153 	.globl _g_VCBB
                                    154 	.globl _g_VCBA
                                    155 	.globl _g_PLYCNT
                                    156 	.globl _g_MUSICF
                                    157 	.globl _g_QUEUEN
                                    158 	.globl _g_MCLPTR
                                    159 	.globl _g_MCLLEN
                                    160 	.globl _g_SAVVOL
                                    161 	.globl _g_VOICEN
                                    162 	.globl _g_SAVSP
                                    163 	.globl _g_PRSCNT
                                    164 	.globl _g_LSTMOD
                                    165 	.globl _g_LSTCOM
                                    166 	.globl _g_COMMSK
                                    167 	.globl _g_ESTBLS
                                    168 	.globl _g_FLAGS
                                    169 	.globl _g_ERRORS
                                    170 	.globl _g_DATCNT
                                    171 	.globl _g_DEVNUM
                                    172 	.globl _g_OLDINT
                                    173 	.globl _g_OLDSTT
                                    174 	.globl _g_MEXBIh
                                    175 	.globl _g_RSIQLN
                                    176 	.globl _g_RSFCB
                                    177 	.globl _g_TOCNT
                                    178 	.globl _g_RSTMP
                                    179 	.globl _g_YSAVE
                                    180 	.globl _g_XSAVE
                                    181 	.globl _g_NORUSE
                                    182 	.globl _g_MODE
                                    183 	.globl _g_ROMA
                                    184 	.globl _g_CHRCNT
                                    185 	.globl _g_EXBRSA
                                    186 	.globl _g_AVCSAV
                                    187 	.globl _g_ACPAGE
                                    188 	.globl _g_DPPAGE
                                    189 	.globl _g_RS2IQ
                                    190 	.globl _g_VOICCQ
                                    191 	.globl _g_VOICBQ
                                    192 	.globl _g_VOICAQ
                                    193 	.globl _g_QUEBAK
                                    194 	.globl _g_QUETAB
                                    195 	.globl _g_ASPCT2
                                    196 	.globl _g_ASPCT1
                                    197 	.globl _g_HEADER
                                    198 	.globl _g_HIGH
                                    199 	.globl _g_LOW
                                    200 	.globl _g_CS240
                                    201 	.globl _g_CS120
                                    202 	.globl _g_GETPNT
                                    203 	.globl _g_PUTPNT
                                    204 	.globl _g_REPCNT
                                    205 	.globl _g_SCNCNT
                                    206 	.globl _g_FRCNEW
                                    207 	.globl _g_QUEUES
                                    208 	.globl _g_MINUPD
                                    209 	.globl _g_MAXUPD
                                    210 	.globl _g_TRGFLG
                                    211 	.globl _g_STATFL
                                    212 	.globl _g_RG7SAV
                                    213 	.globl _g_RG6SAV
                                    214 	.globl _g_RG5SAV
                                    215 	.globl _g_RG4SAV
                                    216 	.globl _g_RG3SAV
                                    217 	.globl _g_RG2SAV
                                    218 	.globl _g_RG1SAV
                                    219 	.globl _g_RG0SAV
                                    220 	.globl _g_CNSDFG
                                    221 	.globl _g_USRTAB
                                    222 	.globl _g_CLPRIM
                                    223 	.globl _g_WRPRIM
                                    224 	.globl _g_RDPRIM
                                    225 	.globl _V9990_InitPalette
                                    226 	.globl _V9990_InitMenuLayers
                                    227 	.globl _InitPonPonGirls
                                    228 	.globl _SetPlayerBallPossession
                                    229 	.globl _PutPonPonGirlSprite
                                    230 ;--------------------------------------------------------
                                    231 ; special function registers
                                    232 ;--------------------------------------------------------
                         000000A8   233 _g_PortPrimarySlot	=	0x00a8
                         000000A9   234 _g_PortReadKeyboard	=	0x00a9
                         000000AA   235 _g_PortAccessKeyboard	=	0x00aa
                         000000AB   236 _g_PortControl	=	0x00ab
                         00000098   237 _g_VDP_DataPort	=	0x0098
                         00000099   238 _g_VDP_RegPort	=	0x0099
                         00000099   239 _g_VDP_AddrPort	=	0x0099
                         00000099   240 _g_VDP_StatPort	=	0x0099
                         000000A0   241 _g_PSG_RegPort	=	0x00a0
                         000000A1   242 _g_PSG_DataPort	=	0x00a1
                         000000A2   243 _g_PSG_StatPort	=	0x00a2
                         00000010   244 _g_PSG_Ext_RegPort	=	0x0010
                         00000011   245 _g_PSG_Ext_DataPort	=	0x0011
                         00000012   246 _g_PSG_Ext_StatPort	=	0x0012
                         0000007C   247 _g_MSXMusic_IndexPort	=	0x007c
                         0000007D   248 _g_MSXMusic_DataPort	=	0x007d
                         000000C0   249 _g_MSXAudio_IndexPort	=	0x00c0
                         000000C1   250 _g_MSXAudio_DataPort	=	0x00c1
                         000000C2   251 _g_MSXAudio_IndexPort2	=	0x00c2
                         000000C3   252 _g_MSXAudio_DataPort2	=	0x00c3
                         000000B4   253 _g_RTC_AddrPort	=	0x00b4
                         000000B5   254 _g_RTC_DataPort	=	0x00b5
                         00000060   255 _g_V9_VRAMPort	=	0x0060
                         00000061   256 _g_V9_PalettePort	=	0x0061
                         00000062   257 _g_V9_CmdDataPort	=	0x0062
                         00000063   258 _g_V9_RegDataPort	=	0x0063
                         00000064   259 _g_V9_RegSelectPort	=	0x0064
                         00000065   260 _g_V9_SatusPort	=	0x0065
                         00000066   261 _g_V9_IntFlagPort	=	0x0066
                         00000067   262 _g_V9_SysCtrlPort	=	0x0067
                         00000068   263 _g_V9_KanjiAddrLPort	=	0x0068
                         00000069   264 _g_V9_KanjiAddrHPort	=	0x0069
                         00000069   265 _g_V9_KanjiDataPort	=	0x0069
                         0000006A   266 _g_V9_Kanji2AddrLPort	=	0x006a
                         0000006B   267 _g_V9_Kanji2AddrHPort	=	0x006b
                         0000006B   268 _g_V9_Kanji2DataPort	=	0x006b
                         0000006F   269 _g_V9_OutputCtrPort	=	0x006f
                                    270 ;--------------------------------------------------------
                                    271 ; ram data
                                    272 ;--------------------------------------------------------
                                    273 	.area _DATA
                         0000F3AE   274 _g_LINL40	=	0xf3ae
                         0000F3AF   275 _g_LINL32	=	0xf3af
                         0000F3B0   276 _g_LINLEN	=	0xf3b0
                         0000F3B1   277 _g_CRTCNT	=	0xf3b1
                         0000F3B2   278 _g_CLMLST	=	0xf3b2
                         0000F3B3   279 _g_TXTNAM	=	0xf3b3
                         0000F3B5   280 _g_TXTCOL	=	0xf3b5
                         0000F3B7   281 _g_TXTCGP	=	0xf3b7
                         0000F3B9   282 _g_TXTATR	=	0xf3b9
                         0000F3BB   283 _g_TXTPAT	=	0xf3bb
                         0000F3BD   284 _g_T32NAM	=	0xf3bd
                         0000F3BF   285 _g_T32COL	=	0xf3bf
                         0000F3C1   286 _g_T32CGP	=	0xf3c1
                         0000F3C3   287 _g_T32ATR	=	0xf3c3
                         0000F3C5   288 _g_T32PAT	=	0xf3c5
                         0000F3C7   289 _g_GRPNAM	=	0xf3c7
                         0000F3C9   290 _g_GRPCOL	=	0xf3c9
                         0000F3CB   291 _g_GRPCGP	=	0xf3cb
                         0000F3CD   292 _g_GRPATR	=	0xf3cd
                         0000F3CF   293 _g_GRPPAT	=	0xf3cf
                         0000F3D1   294 _g_MLTNAM	=	0xf3d1
                         0000F3D3   295 _g_MLTCOL	=	0xf3d3
                         0000F3D5   296 _g_MLTCGP	=	0xf3d5
                         0000F3D7   297 _g_MLTATR	=	0xf3d7
                         0000F3D9   298 _g_MLTPAT	=	0xf3d9
                         0000F3DB   299 _g_CLIKSW	=	0xf3db
                         0000F3DC   300 _g_CSRY	=	0xf3dc
                         0000F3DD   301 _g_CSRX	=	0xf3dd
                         0000F3E9   302 _g_FORCLR	=	0xf3e9
                         0000F3EA   303 _g_BAKCLR	=	0xf3ea
                         0000F3EB   304 _g_BDRCLR	=	0xf3eb
                         0000F3F2   305 _g_ATRBYT	=	0xf3f2
                         0000F87F   306 _g_FNKSTR	=	0xf87f
                         0000F92A   307 _g_CLOC	=	0xf92a
                         0000F92C   308 _g_CMASK	=	0xf92c
                         0000FB02   309 _g_LOGOPR	=	0xfb02
                         0000FCB7   310 _g_GRPACX	=	0xfcb7
                         0000FCB9   311 _g_GRPACY	=	0xfcb9
                         0000FFFF   312 _g_SLTSL	=	0xffff
                                    313 ;--------------------------------------------------------
                                    314 ; ram data
                                    315 ;--------------------------------------------------------
                                    316 	.area _INITIALIZED
                                    317 ;--------------------------------------------------------
                                    318 ; absolute external ram data
                                    319 ;--------------------------------------------------------
                                    320 	.area _DABS (ABS)
                                    321 ;--------------------------------------------------------
                                    322 ; global & static initialisations
                                    323 ;--------------------------------------------------------
                                    324 	.area _HOME
                                    325 	.area _GSINIT
                                    326 	.area _GSFINAL
                                    327 	.area _GSINIT
                                    328 ;--------------------------------------------------------
                                    329 ; Home
                                    330 ;--------------------------------------------------------
                                    331 	.area _HOME
                                    332 	.area _HOME
                                    333 ;--------------------------------------------------------
                                    334 ; code
                                    335 ;--------------------------------------------------------
                                    336 	.area _SEG3
                                    337 ;E:\Dropbox\FAUSTO\SVILUPPI\MSX\CODE\C\MSXgl\projects\soccerlg/soccerlg_s3_b1.c:74: void V9990_InitPalette(){
                                    338 ;	---------------------------------
                                    339 ; Function V9990_InitPalette
                                    340 ; ---------------------------------
    00000000                        341 _V9990_InitPalette::
                                    342 ;E:\Dropbox\FAUSTO\SVILUPPI\MSX\CODE\C\MSXgl\projects\soccerlg/soccerlg_s3_b1.c:75: V9_SetPalette(0, 16, g_Data_Palette_LayerA_Standard);
    00000000 21r74r00         [10]  343 	ld	hl, #_g_Data_Palette_LayerA_Standard+0
                                    344 ;E:\Dropbox\FAUSTO\SVILUPPI\MSX\CODE\C\MSXgl\projects\soccerlg/soccerlg_s3_b1.c:1028: ERROR: no line number 1028 in file E:\Dropbox\FAUSTO\SVILUPPI\MSX\CODE\C\MSXgl\projects\soccerlg/soccerlg_s3_b1.c
    00000003 01 00 00         [10]  345 	ld	bc, #0x0
    00000006                        346 00107$:
    00000006 78               [ 4]  347 	ld	a, b
    00000007 D6 10            [ 7]  348 	sub	a, #0x10
    00000009 30 1F            [12]  349 	jr	NC, 00102$
    0000000B FD E5            [15]  350 	push	iy
    0000000D E3               [19]  351 	ex	(sp), hl
    0000000E 69               [ 4]  352 	ld	l, c
                                    353 ;	spillPairReg hl
                                    354 ;	spillPairReg hl
    0000000F E3               [19]  355 	ex	(sp), hl
    00000010 FD E1            [14]  356 	pop	iy
    00000012 0C               [ 4]  357 	inc	c
    00000013 E5               [11]  358 	push	hl
    00000014 C5               [11]  359 	push	bc
    00000015 5D               [ 4]  360 	ld	e, l
    00000016 54               [ 4]  361 	ld	d, h
    00000017 FD E5            [15]  362 	push	iy
    00000019 E3               [19]  363 	ex	(sp), hl
    0000001A 7D               [ 4]  364 	ld	a, l
    0000001B E3               [19]  365 	ex	(sp), hl
    0000001C FD E1            [14]  366 	pop	iy
    0000001E CDr00r00         [17]  367 	call	_V9_SetPaletteEntry
    00000021 C1               [10]  368 	pop	bc
    00000022 E1               [10]  369 	pop	hl
    00000023 23               [ 6]  370 	inc	hl
    00000024 23               [ 6]  371 	inc	hl
    00000025 23               [ 6]  372 	inc	hl
    00000026 04               [ 4]  373 	inc	b
    00000027 C3r06r00         [10]  374 	jp	00107$
                                    375 ;E:\Dropbox\FAUSTO\SVILUPPI\MSX\CODE\C\MSXgl\projects\soccerlg/soccerlg_s3_b1.c:75: ERROR: no line number 75 in file E:\Dropbox\FAUSTO\SVILUPPI\MSX\CODE\C\MSXgl\projects\soccerlg/soccerlg_s3_b1.c
    0000002A                        376 00102$:
                                    377 ;E:\Dropbox\FAUSTO\SVILUPPI\MSX\CODE\C\MSXgl\projects\soccerlg/soccerlg_s3_b1.c:76: ERROR: no line number 76 in file E:\Dropbox\FAUSTO\SVILUPPI\MSX\CODE\C\MSXgl\projects\soccerlg/soccerlg_s3_b1.c
    0000002A 21rA4r00         [10]  378 	ld	hl, #_g_Data_Palette_LayerB_Standard+0
                                    379 ;E:\Dropbox\FAUSTO\SVILUPPI\MSX\CODE\C\MSXgl\projects\soccerlg/soccerlg_s3_b1.c:1028: ERROR: no line number 1028 in file E:\Dropbox\FAUSTO\SVILUPPI\MSX\CODE\C\MSXgl\projects\soccerlg/soccerlg_s3_b1.c
    0000002D 01 10 00         [10]  380 	ld	bc, #0x10
    00000030                        381 00110$:
    00000030 78               [ 4]  382 	ld	a, b
    00000031 D6 10            [ 7]  383 	sub	a, #0x10
    00000033 30 1F            [12]  384 	jr	NC, 00104$
    00000035 FD E5            [15]  385 	push	iy
    00000037 E3               [19]  386 	ex	(sp), hl
    00000038 69               [ 4]  387 	ld	l, c
                                    388 ;	spillPairReg hl
                                    389 ;	spillPairReg hl
    00000039 E3               [19]  390 	ex	(sp), hl
    0000003A FD E1            [14]  391 	pop	iy
    0000003C 0C               [ 4]  392 	inc	c
    0000003D E5               [11]  393 	push	hl
    0000003E C5               [11]  394 	push	bc
    0000003F 5D               [ 4]  395 	ld	e, l
    00000040 54               [ 4]  396 	ld	d, h
    00000041 FD E5            [15]  397 	push	iy
    00000043 E3               [19]  398 	ex	(sp), hl
    00000044 7D               [ 4]  399 	ld	a, l
    00000045 E3               [19]  400 	ex	(sp), hl
    00000046 FD E1            [14]  401 	pop	iy
    00000048 CDr00r00         [17]  402 	call	_V9_SetPaletteEntry
    0000004B C1               [10]  403 	pop	bc
    0000004C E1               [10]  404 	pop	hl
    0000004D 23               [ 6]  405 	inc	hl
    0000004E 23               [ 6]  406 	inc	hl
    0000004F 23               [ 6]  407 	inc	hl
    00000050 04               [ 4]  408 	inc	b
    00000051 C3r30r00         [10]  409 	jp	00110$
                                    410 ;E:\Dropbox\FAUSTO\SVILUPPI\MSX\CODE\C\MSXgl\projects\soccerlg/soccerlg_s3_b1.c:76: ERROR: no line number 76 in file E:\Dropbox\FAUSTO\SVILUPPI\MSX\CODE\C\MSXgl\projects\soccerlg/soccerlg_s3_b1.c
    00000054                        411 00104$:
                                    412 ;E:/Dropbox/FAUSTO/SVILUPPI/MSX/CODE/C/MSXgl/engine/src/v9990.h:1047: ERROR: no line number 1047 in file E:/Dropbox/FAUSTO/SVILUPPI/MSX/CODE/C/MSXgl/engine/src/v9990.h
    00000054 3E 01            [ 7]  413 	ld	a, #0x01
    00000056 E6 03            [ 7]  414 	and	a, #0x03
    00000058 87               [ 4]  415 	add	a, a
    00000059 87               [ 4]  416 	add	a, a
    0000005A 4F               [ 4]  417 	ld	c, a
    0000005B AF               [ 4]  418 	xor	a, a
    0000005C E6 03            [ 7]  419 	and	a, #0x03
    0000005E 81               [ 4]  420 	add	a, c
    0000005F 6F               [ 4]  421 	ld	l, a
                                    422 ;	spillPairReg hl
                                    423 ;	spillPairReg hl
    00000060 3E 0D            [ 7]  424 	ld	a, #0x0d
                                    425 ;E:\Dropbox\FAUSTO\SVILUPPI\MSX\CODE\C\MSXgl\projects\soccerlg/soccerlg_s3_b1.c:77: ERROR: no line number 77 in file E:\Dropbox\FAUSTO\SVILUPPI\MSX\CODE\C\MSXgl\projects\soccerlg/soccerlg_s3_b1.c
                                    426 ;E:\Dropbox\FAUSTO\SVILUPPI\MSX\CODE\C\MSXgl\projects\soccerlg/soccerlg_s3_b1.c:78: ERROR: no line number 78 in file E:\Dropbox\FAUSTO\SVILUPPI\MSX\CODE\C\MSXgl\projects\soccerlg/soccerlg_s3_b1.c
    00000062 C3r00r00         [10]  427 	jp	_V9_SetRegister
                         0000F380   428 _g_RDPRIM	=	0xf380
                         0000F385   429 _g_WRPRIM	=	0xf385
                         0000F38C   430 _g_CLPRIM	=	0xf38c
                         0000F39A   431 _g_USRTAB	=	0xf39a
                         0000F3DE   432 _g_CNSDFG	=	0xf3de
                         0000F3DF   433 _g_RG0SAV	=	0xf3df
                         0000F3E0   434 _g_RG1SAV	=	0xf3e0
                         0000F3E1   435 _g_RG2SAV	=	0xf3e1
                         0000F3E2   436 _g_RG3SAV	=	0xf3e2
                         0000F3E3   437 _g_RG4SAV	=	0xf3e3
                         0000F3E4   438 _g_RG5SAV	=	0xf3e4
                         0000F3E5   439 _g_RG6SAV	=	0xf3e5
                         0000F3E6   440 _g_RG7SAV	=	0xf3e6
                         0000F3E7   441 _g_STATFL	=	0xf3e7
                         0000F3E8   442 _g_TRGFLG	=	0xf3e8
                         0000F3EC   443 _g_MAXUPD	=	0xf3ec
                         0000F3EF   444 _g_MINUPD	=	0xf3ef
                         0000F3F3   445 _g_QUEUES	=	0xf3f3
                         0000F3F5   446 _g_FRCNEW	=	0xf3f5
                         0000F3F6   447 _g_SCNCNT	=	0xf3f6
                         0000F3F7   448 _g_REPCNT	=	0xf3f7
                         0000F3F8   449 _g_PUTPNT	=	0xf3f8
                         0000F3FA   450 _g_GETPNT	=	0xf3fa
                         0000F3FC   451 _g_CS120	=	0xf3fc
                         0000F401   452 _g_CS240	=	0xf401
                         0000F406   453 _g_LOW	=	0xf406
                         0000F408   454 _g_HIGH	=	0xf408
                         0000F40A   455 _g_HEADER	=	0xf40a
                         0000F40B   456 _g_ASPCT1	=	0xf40b
                         0000F40D   457 _g_ASPCT2	=	0xf40d
                         0000F959   458 _g_QUETAB	=	0xf959
                         0000F971   459 _g_QUEBAK	=	0xf971
                         0000F975   460 _g_VOICAQ	=	0xf975
                         0000F9F5   461 _g_VOICBQ	=	0xf9f5
                         0000FA75   462 _g_VOICCQ	=	0xfa75
                         0000FAF5   463 _g_RS2IQ	=	0xfaf5
                         0000FAF5   464 _g_DPPAGE	=	0xfaf5
                         0000FAF6   465 _g_ACPAGE	=	0xfaf6
                         0000FAF7   466 _g_AVCSAV	=	0xfaf7
                         0000FAF8   467 _g_EXBRSA	=	0xfaf8
                         0000FAF9   468 _g_CHRCNT	=	0xfaf9
                         0000FAFA   469 _g_ROMA	=	0xfafa
                         0000FAFC   470 _g_MODE	=	0xfafc
                         0000FAFD   471 _g_NORUSE	=	0xfafd
                         0000FAFE   472 _g_XSAVE	=	0xfafe
                         0000FB00   473 _g_YSAVE	=	0xfb00
                         0000FB03   474 _g_RSTMP	=	0xfb03
                         0000FB03   475 _g_TOCNT	=	0xfb03
                         0000FB04   476 _g_RSFCB	=	0xfb04
                         0000FB06   477 _g_RSIQLN	=	0xfb06
                         0000FB07   478 _g_MEXBIh	=	0xfb07
                         0000FB0C   479 _g_OLDSTT	=	0xfb0c
                         0000FB0C   480 _g_OLDINT	=	0xfb0c
                         0000FB16   481 _g_DEVNUM	=	0xfb16
                         0000FB17   482 _g_DATCNT	=	0xfb17
                         0000FB1A   483 _g_ERRORS	=	0xfb1a
                         0000FB1B   484 _g_FLAGS	=	0xfb1b
                         0000FB1C   485 _g_ESTBLS	=	0xfb1c
                         0000FB1D   486 _g_COMMSK	=	0xfb1d
                         0000FB1E   487 _g_LSTCOM	=	0xfb1e
                         0000FB1F   488 _g_LSTMOD	=	0xfb1f
                         0000FB35   489 _g_PRSCNT	=	0xfb35
                         0000FB36   490 _g_SAVSP	=	0xfb36
                         0000FB38   491 _g_VOICEN	=	0xfb38
                         0000FB39   492 _g_SAVVOL	=	0xfb39
                         0000FB3B   493 _g_MCLLEN	=	0xfb3b
                         0000FB3C   494 _g_MCLPTR	=	0xfb3c
                         0000FB3E   495 _g_QUEUEN	=	0xfb3e
                         0000FB3F   496 _g_MUSICF	=	0xfb3f
                         0000FB40   497 _g_PLYCNT	=	0xfb40
                         0000FB41   498 _g_VCBA	=	0xfb41
                         0000FB66   499 _g_VCBB	=	0xfb66
                         0000FB8B   500 _g_VCBC	=	0xfb8b
                         0000FBB0   501 _g_ENSTOP	=	0xfbb0
                         0000FBB1   502 _g_BASROM	=	0xfbb1
                         0000FBB2   503 _g_LINTTB	=	0xfbb2
                         0000FBCA   504 _g_FSTPOS	=	0xfbca
                         0000FBCC   505 _g_CODSAV	=	0xfbcc
                         0000FBCD   506 _g_FNKSWI	=	0xfbcd
                         0000FBCE   507 _g_FNKFLG	=	0xfbce
                         0000FBD8   508 _g_ONGSBF	=	0xfbd8
                         0000FBD9   509 _g_CLIKFL	=	0xfbd9
                         0000FBDA   510 _g_OLDKEY	=	0xfbda
                         0000FBE5   511 _g_NEWKEY	=	0xfbe5
                         0000FBF0   512 _g_KEYBUF	=	0xfbf0
                         0000FC18   513 _g_LINWRK	=	0xfc18
                         0000FC40   514 _g_PATWRK	=	0xfc40
                         0000FC48   515 _g_BOTTOM	=	0xfc48
                         0000FC4A   516 _g_HIMEM	=	0xfc4a
                         0000FC4C   517 _g_TRPTBL	=	0xfc4c
                         0000FC9A   518 _g_RTYCNT	=	0xfc9a
                         0000FC9B   519 _g_INTFLG	=	0xfc9b
                         0000FC9C   520 _g_PADY	=	0xfc9c
                         0000FC9D   521 _g_PADX	=	0xfc9d
                         0000FC9E   522 _g_JIFFY	=	0xfc9e
                         0000FCA0   523 _g_INTVAL	=	0xfca0
                         0000FCA2   524 _g_INTCNT	=	0xfca2
                         0000FCA4   525 _g_LOWLIM	=	0xfca4
                         0000FCA5   526 _g_WINWID	=	0xfca5
                         0000FCA6   527 _g_GRPHED	=	0xfca6
                         0000FCA7   528 _g_ESCCNT	=	0xfca7
                         0000FCA8   529 _g_INSFLG	=	0xfca8
                         0000FCA9   530 _g_CSRSW	=	0xfca9
                         0000FCAA   531 _g_CSTYLE	=	0xfcaa
                         0000FCAB   532 _g_CAPST	=	0xfcab
                         0000FCAC   533 _g_KANAST	=	0xfcac
                         0000FCAD   534 _g_KANAMD	=	0xfcad
                         0000FCAE   535 _g_FLBMEM	=	0xfcae
                         0000FCAF   536 _g_SCRMOD	=	0xfcaf
                         0000FCB0   537 _g_OLDSCR	=	0xfcb0
                         0000FCB1   538 _g_CASPRV	=	0xfcb1
                         0000FCB2   539 _g_BRDATR	=	0xfcb2
                         0000FCB3   540 _g_GXPOS	=	0xfcb3
                         0000FCB5   541 _g_GYPOS	=	0xfcb5
                         0000FCBB   542 _g_DRWFLG	=	0xfcbb
                         0000FCBC   543 _g_DRWSCL	=	0xfcbc
                         0000FCBD   544 _g_DRWANG	=	0xfcbd
                         0000FCC1   545 _g_MNROM	=	0xfcc1
                         0000FCC1   546 _g_EXPTBL	=	0xfcc1
                         0000FCC5   547 _g_SLTTBL	=	0xfcc5
                         0000FCC9   548 _g_SLTATR	=	0xfcc9
                         0000FD09   549 _g_SLTWRK	=	0xfd09
                         0000FD89   550 _g_PROCNM	=	0xfd89
                         0000FFE7   551 _g_RG08SAV	=	0xffe7
                         0000FFE8   552 _g_RG09SAV	=	0xffe8
                         0000FFE9   553 _g_RG10SAV	=	0xffe9
                         0000FFEA   554 _g_RG11SAV	=	0xffea
                         0000FFEB   555 _g_RG12SAV	=	0xffeb
                         0000FFEC   556 _g_RG13SAV	=	0xffec
                         0000FFED   557 _g_RG14SAV	=	0xffed
                         0000FFEE   558 _g_RG15SAV	=	0xffee
                         0000FFEF   559 _g_RG16SAV	=	0xffef
                         0000FFF0   560 _g_RG17SAV	=	0xfff0
                         0000FFF1   561 _g_RG18SAV	=	0xfff1
                         0000FFF2   562 _g_RG19SAV	=	0xfff2
                         0000FFF3   563 _g_RG20SAV	=	0xfff3
                         0000FFF4   564 _g_RG21SAV	=	0xfff4
                         0000FFF5   565 _g_RG22SAV	=	0xfff5
                         0000FFF6   566 _g_RG23SAV	=	0xfff6
                         0000FFF7   567 _g_MINROM	=	0xfff7
                         0000FFF8   568 _g_SVFFF8	=	0xfff8
                         0000FFFA   569 _g_RG25SAV	=	0xfffa
                         0000FFFB   570 _g_RG26SAV	=	0xfffb
                         0000FFFC   571 _g_RG27SAV	=	0xfffc
                         0000FFFD   572 _g_SVFFFD	=	0xfffd
                         00000004   573 _g_CGTABL	=	0x0004
                         00000006   574 _g_VDP_DR	=	0x0006
                         00000007   575 _g_VDP_DW	=	0x0007
                         0000002B   576 _g_BASRVN	=	0x002b
                         0000002B   577 _g_ROMVersion	=	0x002b
                         0000002D   578 _g_MSXVER	=	0x002d
                         0000002E   579 _g_MSXMID	=	0x002e
                         00000034   580 _g_CHAR_16	=	0x0034
                         00000000   581 _g_SUBRID	=	0x0000
                         00000002   582 _g_STRSRC	=	0x0002
                         0000F30F   583 _g_KANJTABLE	=	0xf30f
                         0000F323   584 _g_DISKVE	=	0xf323
                         0000F325   585 _g_BREAKV	=	0xf325
                         0000F341   586 _g_RAMAD0	=	0xf341
                         0000F342   587 _g_RAMAD1	=	0xf342
                         0000F343   588 _g_RAMAD2	=	0xf343
                         0000F344   589 _g_RAMAD3	=	0xf344
                         0000F348   590 _g_MASTER	=	0xf348
                         0000F37D   591 _g_BDOS	=	0xf37d
    00000065                        592 _g_GirlPatterns:
    00000065 7A                     593 	.db #0x7a	; 122	'z'
    00000066 7B                     594 	.db #0x7b	; 123
    00000067 7C                     595 	.db #0x7c	; 124
    00000068 7D                     596 	.db #0x7d	; 125
    00000069 7E                     597 	.db #0x7e	; 126
    0000006A 7F                     598 	.db #0x7f	; 127
    0000006B F0                     599 	.db #0xf0	; 240
    0000006C F1                     600 	.db #0xf1	; 241
    0000006D F2                     601 	.db #0xf2	; 242
    0000006E                        602 _g_PonPonGirlsPos:
    0000006E 1E                     603 	.db #0x1e	; 30
    0000006F 32                     604 	.db #0x32	; 50	'2'
    00000070 46                     605 	.db #0x46	; 70	'F'
    00000071 AF                     606 	.db #0xaf	; 175
    00000072 C3                     607 	.db #0xc3	; 195
    00000073 D7                     608 	.db #0xd7	; 215
    00000074                        609 _g_Data_Palette_LayerA_Standard:
    00000074 00                     610 	.db #0x00	; 0
    00000075 00                     611 	.db #0x00	; 0
    00000076 00                     612 	.db #0x00	; 0
    00000077 01                     613 	.db #0x01	; 1
    00000078 01                     614 	.db #0x01	; 1
    00000079 01                     615 	.db #0x01	; 1
    0000007A 01                     616 	.db #0x01	; 1
    0000007B 01                     617 	.db #0x01	; 1
    0000007C 01                     618 	.db #0x01	; 1
    0000007D 01                     619 	.db #0x01	; 1
    0000007E 01                     620 	.db #0x01	; 1
    0000007F 01                     621 	.db #0x01	; 1
    00000080 FF                     622 	.db #0xff	; 255
    00000081 FF                     623 	.db #0xff	; 255
    00000082 FF                     624 	.db #0xff	; 255
    00000083 1E                     625 	.db #0x1e	; 30
    00000084 1A                     626 	.db #0x1a	; 26
    00000085 08                     627 	.db #0x08	; 8
    00000086 01                     628 	.db #0x01	; 1
    00000087 01                     629 	.db #0x01	; 1
    00000088 01                     630 	.db #0x01	; 1
    00000089 14                     631 	.db #0x14	; 20
    0000008A 09                     632 	.db #0x09	; 9
    0000008B 14                     633 	.db #0x14	; 20
    0000008C 1B                     634 	.db #0x1b	; 27
    0000008D 13                     635 	.db #0x13	; 19
    0000008E 09                     636 	.db #0x09	; 9
    0000008F 01                     637 	.db #0x01	; 1
    00000090 01                     638 	.db #0x01	; 1
    00000091 01                     639 	.db #0x01	; 1
    00000092 01                     640 	.db #0x01	; 1
    00000093 01                     641 	.db #0x01	; 1
    00000094 01                     642 	.db #0x01	; 1
    00000095 01                     643 	.db #0x01	; 1
    00000096 01                     644 	.db #0x01	; 1
    00000097 01                     645 	.db #0x01	; 1
    00000098 01                     646 	.db #0x01	; 1
    00000099 01                     647 	.db #0x01	; 1
    0000009A 01                     648 	.db #0x01	; 1
    0000009B 01                     649 	.db #0x01	; 1
    0000009C 01                     650 	.db #0x01	; 1
    0000009D 01                     651 	.db #0x01	; 1
    0000009E 01                     652 	.db #0x01	; 1
    0000009F 01                     653 	.db #0x01	; 1
    000000A0 01                     654 	.db #0x01	; 1
    000000A1 FF                     655 	.db #0xff	; 255
    000000A2 FF                     656 	.db #0xff	; 255
    000000A3 FF                     657 	.db #0xff	; 255
    000000A4                        658 _g_Data_Palette_LayerB_Standard:
    000000A4 00                     659 	.db #0x00	; 0
    000000A5 00                     660 	.db #0x00	; 0
    000000A6 00                     661 	.db #0x00	; 0
    000000A7 08                     662 	.db #0x08	; 8
    000000A8 17                     663 	.db #0x17	; 23
    000000A9 1B                     664 	.db #0x1b	; 27
    000000AA 01                     665 	.db #0x01	; 1
    000000AB 01                     666 	.db #0x01	; 1
    000000AC 01                     667 	.db #0x01	; 1
    000000AD 01                     668 	.db #0x01	; 1
    000000AE 01                     669 	.db #0x01	; 1
    000000AF 01                     670 	.db #0x01	; 1
    000000B0 01                     671 	.db #0x01	; 1
    000000B1 01                     672 	.db #0x01	; 1
    000000B2 01                     673 	.db #0x01	; 1
    000000B3 1E                     674 	.db #0x1e	; 30
    000000B4 1A                     675 	.db #0x1a	; 26
    000000B5 08                     676 	.db #0x08	; 8
    000000B6 01                     677 	.db #0x01	; 1
    000000B7 01                     678 	.db #0x01	; 1
    000000B8 01                     679 	.db #0x01	; 1
    000000B9 01                     680 	.db #0x01	; 1
    000000BA 01                     681 	.db #0x01	; 1
    000000BB 01                     682 	.db #0x01	; 1
    000000BC 01                     683 	.db #0x01	; 1
    000000BD 01                     684 	.db #0x01	; 1
    000000BE 01                     685 	.db #0x01	; 1
    000000BF 1F                     686 	.db #0x1f	; 31
    000000C0 00                     687 	.db #0x00	; 0
    000000C1 00                     688 	.db #0x00	; 0
    000000C2 1B                     689 	.db #0x1b	; 27
    000000C3 1B                     690 	.db #0x1b	; 27
    000000C4 1B                     691 	.db #0x1b	; 27
    000000C5 04                     692 	.db #0x04	; 4
    000000C6 04                     693 	.db #0x04	; 4
    000000C7 1B                     694 	.db #0x1b	; 27
    000000C8 00                     695 	.db #0x00	; 0
    000000C9 00                     696 	.db #0x00	; 0
    000000CA 00                     697 	.db #0x00	; 0
    000000CB 1B                     698 	.db #0x1b	; 27
    000000CC 1B                     699 	.db #0x1b	; 27
    000000CD 1B                     700 	.db #0x1b	; 27
    000000CE 00                     701 	.db #0x00	; 0
    000000CF 17                     702 	.db #0x17	; 23
    000000D0 00                     703 	.db #0x00	; 0
    000000D1 1B                     704 	.db #0x1b	; 27
    000000D2 13                     705 	.db #0x13	; 19
    000000D3 09                     706 	.db #0x09	; 9
                                    707 ;E:\Dropbox\FAUSTO\SVILUPPI\MSX\CODE\C\MSXgl\projects\soccerlg/soccerlg_s3_b1.c:80: ERROR: no line number 80 in file E:\Dropbox\FAUSTO\SVILUPPI\MSX\CODE\C\MSXgl\projects\soccerlg/soccerlg_s3_b1.c
                                    708 ;	---------------------------------
                                    709 ; Function V9990_InitMenuLayers
                                    710 ; ---------------------------------
    000000D4                        711 _V9990_InitMenuLayers::
                                    712 ;E:\Dropbox\FAUSTO\SVILUPPI\MSX\CODE\C\MSXgl\projects\soccerlg/soccerlg_s3_b1.c:81: ERROR: no line number 81 in file E:\Dropbox\FAUSTO\SVILUPPI\MSX\CODE\C\MSXgl\projects\soccerlg/soccerlg_s3_b1.c
    000000D4 CDr00r00         [17]  713 	call	_V9990_InitPalette
                                    714 ;E:\Dropbox\FAUSTO\SVILUPPI\MSX\CODE\C\MSXgl\projects\soccerlg/soccerlg_s3_b1.c:82: ERROR: no line number 82 in file E:\Dropbox\FAUSTO\SVILUPPI\MSX\CODE\C\MSXgl\projects\soccerlg/soccerlg_s3_b1.c
    000000D7 AF               [ 4]  715 	xor	a, a
    000000D8 CDr00r00         [17]  716 	call	_V9_SetScreenMode
                                    717 ;E:/Dropbox/FAUSTO/SVILUPPI/MSX/CODE/C/MSXgl/engine/src/v9990.h:480: ERROR: no line number 480 in file E:/Dropbox/FAUSTO/SVILUPPI/MSX/CODE/C/MSXgl/engine/src/v9990.h
    000000DB 2E 01            [ 7]  718 	ld	l, #0x01
                                    719 ;	spillPairReg hl
                                    720 ;	spillPairReg hl
    000000DD 3E 0F            [ 7]  721 	ld	a, #0x0f
    000000DF CDr00r00         [17]  722 	call	_V9_SetRegister
                                    723 ;E:/Dropbox/FAUSTO/SVILUPPI/MSX/CODE/C/MSXgl/engine/src/v9990.h:258: ERROR: no line number 258 in file E:/Dropbox/FAUSTO/SVILUPPI/MSX/CODE/C/MSXgl/engine/src/v9990.h
    000000E2 3E 08            [ 7]  724 	ld	a, #0x08
    000000E4 CDr00r00         [17]  725 	call	_V9_GetRegister
    000000E7 6F               [ 4]  726 	ld	l, a
                                    727 ;	spillPairReg hl
                                    728 ;	spillPairReg hl
    000000E8 CB BD            [ 8]  729 	res	7, l
    000000EA 3E 08            [ 7]  730 	ld	a, #0x08
    000000EC CDr00r00         [17]  731 	call	_V9_SetRegister
                                    732 ;E:\Dropbox\FAUSTO\SVILUPPI\MSX\CODE\C\MSXgl\projects\soccerlg/soccerlg_s3_b1.c:85: ERROR: no line number 85 in file E:\Dropbox\FAUSTO\SVILUPPI\MSX\CODE\C\MSXgl\projects\soccerlg/soccerlg_s3_b1.c
                                    733 ;E:\Dropbox\FAUSTO\SVILUPPI\MSX\CODE\C\MSXgl\projects\soccerlg/soccerlg_s3_b1.c:86: ERROR: no line number 86 in file E:\Dropbox\FAUSTO\SVILUPPI\MSX\CODE\C\MSXgl\projects\soccerlg/soccerlg_s3_b1.c
    000000EF C3r00r00         [10]  734 	jp	_V9990_LoadP1LayerA
                                    735 ;E:\Dropbox\FAUSTO\SVILUPPI\MSX\CODE\C\MSXgl\projects\soccerlg/soccerlg_s3_b1.c:87: ERROR: no line number 87 in file E:\Dropbox\FAUSTO\SVILUPPI\MSX\CODE\C\MSXgl\projects\soccerlg/soccerlg_s3_b1.c
                                    736 ;	---------------------------------
                                    737 ; Function InitPonPonGirls
                                    738 ; ---------------------------------
    000000F2                        739 _InitPonPonGirls::
    000000F2 DD E5            [15]  740 	push	ix
    000000F4 DD 21 00 00      [14]  741 	ld	ix,#0
    000000F8 DD 39            [15]  742 	add	ix,sp
    000000FA 3B               [ 6]  743 	dec	sp
                                    744 ;E:\Dropbox\FAUSTO\SVILUPPI\MSX\CODE\C\MSXgl\projects\soccerlg/soccerlg_s3_b1.c:88: ERROR: no line number 88 in file E:\Dropbox\FAUSTO\SVILUPPI\MSX\CODE\C\MSXgl\projects\soccerlg/soccerlg_s3_b1.c
    000000FB 21r00r00         [10]  745 	ld	hl, #_g_ponPonPatternIndex
    000000FE 36 00            [10]  746 	ld	(hl), #0x00
                                    747 ;E:\Dropbox\FAUSTO\SVILUPPI\MSX\CODE\C\MSXgl\projects\soccerlg/soccerlg_s3_b1.c:90: ERROR: no line number 90 in file E:\Dropbox\FAUSTO\SVILUPPI\MSX\CODE\C\MSXgl\projects\soccerlg/soccerlg_s3_b1.c
    00000100 DD 36 FF 00      [19]  748 	ld	-1 (ix), #0x00
    00000104                        749 00103$:
    00000104 DD 7E FF         [19]  750 	ld	a, -1 (ix)
    00000107 D6 06            [ 7]  751 	sub	a, #0x06
    00000109 30 3D            [12]  752 	jr	NC, 00105$
                                    753 ;E:\Dropbox\FAUSTO\SVILUPPI\MSX\CODE\C\MSXgl\projects\soccerlg/soccerlg_s3_b1.c:91: ERROR: no line number 91 in file E:\Dropbox\FAUSTO\SVILUPPI\MSX\CODE\C\MSXgl\projects\soccerlg/soccerlg_s3_b1.c
    0000010B DD 4E FF         [19]  754 	ld	c, -1 (ix)
    0000010E 06 00            [ 7]  755 	ld	b, #0x00
    00000110 69               [ 4]  756 	ld	l, c
    00000111 60               [ 4]  757 	ld	h, b
    00000112 29               [11]  758 	add	hl, hl
    00000113 29               [11]  759 	add	hl, hl
    00000114 09               [11]  760 	add	hl, bc
    00000115 11r00r00         [10]  761 	ld	de, #_g_PonPonGirls
    00000118 19               [11]  762 	add	hl, de
                                    763 ;	spillPairReg hl
                                    764 ;	spillPairReg hl
    00000119 5D               [ 4]  765 	ld	e, l
    0000011A 54               [ 4]  766 	ld	d, h
                                    767 ;	spillPairReg hl
                                    768 ;	spillPairReg hl
    0000011B 23               [ 6]  769 	inc	hl
    0000011C 23               [ 6]  770 	inc	hl
    0000011D 3Er6E            [ 7]  771 	ld	a, #<(_g_PonPonGirlsPos)
    0000011F DD 86 FF         [19]  772 	add	a, -1 (ix)
    00000122 4F               [ 4]  773 	ld	c, a
    00000123 3Es00            [ 7]  774 	ld	a, #>(_g_PonPonGirlsPos)
    00000125 CE 00            [ 7]  775 	adc	a, #0x00
    00000127 47               [ 4]  776 	ld	b, a
    00000128 0A               [ 7]  777 	ld	a, (bc)
    00000129 4F               [ 4]  778 	ld	c, a
    0000012A 06 00            [ 7]  779 	ld	b, #0x00
    0000012C 71               [ 7]  780 	ld	(hl), c
    0000012D 23               [ 6]  781 	inc	hl
    0000012E 70               [ 7]  782 	ld	(hl), b
                                    783 ;E:\Dropbox\FAUSTO\SVILUPPI\MSX\CODE\C\MSXgl\projects\soccerlg/soccerlg_s3_b1.c:92: ERROR: no line number 92 in file E:\Dropbox\FAUSTO\SVILUPPI\MSX\CODE\C\MSXgl\projects\soccerlg/soccerlg_s3_b1.c
    0000012F 6B               [ 4]  784 	ld	l, e
    00000130 62               [ 4]  785 	ld	h, d
    00000131 36 2A            [10]  786 	ld	(hl), #0x2a
    00000133 23               [ 6]  787 	inc	hl
    00000134 36 00            [10]  788 	ld	(hl), #0x00
                                    789 ;E:\Dropbox\FAUSTO\SVILUPPI\MSX\CODE\C\MSXgl\projects\soccerlg/soccerlg_s3_b1.c:93: ERROR: no line number 93 in file E:\Dropbox\FAUSTO\SVILUPPI\MSX\CODE\C\MSXgl\projects\soccerlg/soccerlg_s3_b1.c
    00000136 21 04 00         [10]  790 	ld	hl, #0x0004
    00000139 19               [11]  791 	add	hl, de
    0000013A 36 7A            [10]  792 	ld	(hl), #0x7a
                                    793 ;E:\Dropbox\FAUSTO\SVILUPPI\MSX\CODE\C\MSXgl\projects\soccerlg/soccerlg_s3_b1.c:94: ERROR: no line number 94 in file E:\Dropbox\FAUSTO\SVILUPPI\MSX\CODE\C\MSXgl\projects\soccerlg/soccerlg_s3_b1.c
    0000013C DD 7E FF         [19]  794 	ld	a, -1 (ix)
    0000013F CDr8Ar01         [17]  795 	call	_PutPonPonGirlSprite
                                    796 ;E:\Dropbox\FAUSTO\SVILUPPI\MSX\CODE\C\MSXgl\projects\soccerlg/soccerlg_s3_b1.c:90: ERROR: no line number 90 in file E:\Dropbox\FAUSTO\SVILUPPI\MSX\CODE\C\MSXgl\projects\soccerlg/soccerlg_s3_b1.c
    00000142 DD 34 FF         [23]  797 	inc	-1 (ix)
    00000145 C3r04r01         [10]  798 	jp	00103$
    00000148                        799 00105$:
                                    800 ;E:\Dropbox\FAUSTO\SVILUPPI\MSX\CODE\C\MSXgl\projects\soccerlg/soccerlg_s3_b1.c:97: ERROR: no line number 97 in file E:\Dropbox\FAUSTO\SVILUPPI\MSX\CODE\C\MSXgl\projects\soccerlg/soccerlg_s3_b1.c
    00000148 33               [ 6]  801 	inc	sp
    00000149 DD E1            [14]  802 	pop	ix
    0000014B C9               [10]  803 	ret
                                    804 ;E:\Dropbox\FAUSTO\SVILUPPI\MSX\CODE\C\MSXgl\projects\soccerlg/soccerlg_s3_b1.c:99: ERROR: no line number 99 in file E:\Dropbox\FAUSTO\SVILUPPI\MSX\CODE\C\MSXgl\projects\soccerlg/soccerlg_s3_b1.c
                                    805 ;	---------------------------------
                                    806 ; Function SetPlayerBallPossession
                                    807 ; ---------------------------------
    0000014C                        808 _SetPlayerBallPossession::
                                    809 ;E:\Dropbox\FAUSTO\SVILUPPI\MSX\CODE\C\MSXgl\projects\soccerlg/soccerlg_s3_b1.c:100: ERROR: no line number 100 in file E:\Dropbox\FAUSTO\SVILUPPI\MSX\CODE\C\MSXgl\projects\soccerlg/soccerlg_s3_b1.c
    0000014C 4F               [ 4]  810 	ld	c, a
    0000014D 3C               [ 4]  811 	inc	a
    0000014E C8               [11]  812 	ret	Z
                                    813 ;E:\Dropbox\FAUSTO\SVILUPPI\MSX\CODE\C\MSXgl\projects\soccerlg/soccerlg_s3_b1.c:101: ERROR: no line number 101 in file E:\Dropbox\FAUSTO\SVILUPPI\MSX\CODE\C\MSXgl\projects\soccerlg/soccerlg_s3_b1.c
    0000014F C3r52r01         [10]  814 	jp	00102$
    00000152                        815 00102$:
                                    816 ;E:\Dropbox\FAUSTO\SVILUPPI\MSX\CODE\C\MSXgl\projects\soccerlg/soccerlg_s3_b1.c:104: ERROR: no line number 104 in file E:\Dropbox\FAUSTO\SVILUPPI\MSX\CODE\C\MSXgl\projects\soccerlg/soccerlg_s3_b1.c
    00000152 11r00r00         [10]  817 	ld	de, #_g_Players+0
    00000155 06 00            [ 7]  818 	ld	b, #0x00
    00000157 69               [ 4]  819 	ld	l, c
    00000158 60               [ 4]  820 	ld	h, b
    00000159 29               [11]  821 	add	hl, hl
    0000015A 29               [11]  822 	add	hl, hl
    0000015B 09               [11]  823 	add	hl, bc
    0000015C 29               [11]  824 	add	hl, hl
    0000015D 29               [11]  825 	add	hl, hl
    0000015E 09               [11]  826 	add	hl, bc
    0000015F 19               [11]  827 	add	hl, de
                                    828 ;	spillPairReg hl
                                    829 ;	spillPairReg hl
    00000160 5D               [ 4]  830 	ld	e, l
    00000161 54               [ 4]  831 	ld	d, h
                                    832 ;	spillPairReg hl
                                    833 ;	spillPairReg hl
    00000162 C5               [11]  834 	push	bc
    00000163 01 09 00         [10]  835 	ld	bc, #0x0009
    00000166 09               [11]  836 	add	hl, bc
    00000167 C1               [10]  837 	pop	bc
    00000168 7E               [ 7]  838 	ld	a, (hl)
                                    839 ;E:\Dropbox\FAUSTO\SVILUPPI\MSX\CODE\C\MSXgl\projects\soccerlg/soccerlg_s3_b1.c:105: ERROR: no line number 105 in file E:\Dropbox\FAUSTO\SVILUPPI\MSX\CODE\C\MSXgl\projects\soccerlg/soccerlg_s3_b1.c
    00000169 21 0D 00         [10]  840 	ld	hl, #13
    0000016C 19               [11]  841 	add	hl, de
    0000016D 46               [ 7]  842 	ld	b, (hl)
                                    843 ;E:\Dropbox\FAUSTO\SVILUPPI\MSX\CODE\C\MSXgl\projects\soccerlg/soccerlg_s3_b1.c:104: ERROR: no line number 104 in file E:\Dropbox\FAUSTO\SVILUPPI\MSX\CODE\C\MSXgl\projects\soccerlg/soccerlg_s3_b1.c
    0000016E 3D               [ 4]  844 	dec	a
    0000016F 20 0B            [12]  845 	jr	NZ, 00108$
                                    846 ;E:\Dropbox\FAUSTO\SVILUPPI\MSX\CODE\C\MSXgl\projects\soccerlg/soccerlg_s3_b1.c:105: ERROR: no line number 105 in file E:\Dropbox\FAUSTO\SVILUPPI\MSX\CODE\C\MSXgl\projects\soccerlg/soccerlg_s3_b1.c
    00000171 78               [ 4]  847 	ld	a, b
    00000172 B7               [ 4]  848 	or	a, a
    00000173 28 0F            [12]  849 	jr	Z, 00109$
    00000175 21r00r00         [10]  850 	ld	hl, #_g_Team1ActivePlayer
    00000178 71               [ 7]  851 	ld	(hl), c
    00000179 C3r84r01         [10]  852 	jp	00109$
    0000017C                        853 00108$:
                                    854 ;E:\Dropbox\FAUSTO\SVILUPPI\MSX\CODE\C\MSXgl\projects\soccerlg/soccerlg_s3_b1.c:108: ERROR: no line number 108 in file E:\Dropbox\FAUSTO\SVILUPPI\MSX\CODE\C\MSXgl\projects\soccerlg/soccerlg_s3_b1.c
    0000017C 78               [ 4]  855 	ld	a, b
    0000017D B7               [ 4]  856 	or	a, a
    0000017E 28 04            [12]  857 	jr	Z, 00109$
    00000180 21r00r00         [10]  858 	ld	hl, #_g_Team2ActivePlayer
    00000183 71               [ 7]  859 	ld	(hl), c
    00000184                        860 00109$:
                                    861 ;E:\Dropbox\FAUSTO\SVILUPPI\MSX\CODE\C\MSXgl\projects\soccerlg/soccerlg_s3_b1.c:111: ERROR: no line number 111 in file E:\Dropbox\FAUSTO\SVILUPPI\MSX\CODE\C\MSXgl\projects\soccerlg/soccerlg_s3_b1.c
    00000184 21r1Cr00         [10]  862 	ld	hl, #(_g_Ball + 28)
    00000187 36 00            [10]  863 	ld	(hl), #0x00
                                    864 ;E:\Dropbox\FAUSTO\SVILUPPI\MSX\CODE\C\MSXgl\projects\soccerlg/soccerlg_s3_b1.c:112: ERROR: no line number 112 in file E:\Dropbox\FAUSTO\SVILUPPI\MSX\CODE\C\MSXgl\projects\soccerlg/soccerlg_s3_b1.c
    00000189 C9               [10]  865 	ret
                                    866 ;E:\Dropbox\FAUSTO\SVILUPPI\MSX\CODE\C\MSXgl\projects\soccerlg/soccerlg_s3_b1.c:115: ERROR: no line number 115 in file E:\Dropbox\FAUSTO\SVILUPPI\MSX\CODE\C\MSXgl\projects\soccerlg/soccerlg_s3_b1.c
                                    867 ;	---------------------------------
                                    868 ; Function PutPonPonGirlSprite
                                    869 ; ---------------------------------
    0000018A                        870 _PutPonPonGirlSprite::
    0000018A DD E5            [15]  871 	push	ix
    0000018C DD 21 00 00      [14]  872 	ld	ix,#0
    00000190 DD 39            [15]  873 	add	ix,sp
    00000192 21 FB FF         [10]  874 	ld	hl, #-5
    00000195 39               [11]  875 	add	hl, sp
    00000196 F9               [ 6]  876 	ld	sp, hl
    00000197 DD 77 FF         [19]  877 	ld	-1 (ix), a
                                    878 ;E:\Dropbox\FAUSTO\SVILUPPI\MSX\CODE\C\MSXgl\projects\soccerlg/soccerlg_s3_b1.c:117: ERROR: no line number 117 in file E:\Dropbox\FAUSTO\SVILUPPI\MSX\CODE\C\MSXgl\projects\soccerlg/soccerlg_s3_b1.c
    0000019A 21 03 00         [10]  879 	ld	hl, #3
    0000019D 39               [11]  880 	add	hl, sp
    0000019E CB A6            [15]  881 	res	4, (hl)
                                    882 ;E:\Dropbox\FAUSTO\SVILUPPI\MSX\CODE\C\MSXgl\projects\soccerlg/soccerlg_s3_b1.c:119: ERROR: no line number 119 in file E:\Dropbox\FAUSTO\SVILUPPI\MSX\CODE\C\MSXgl\projects\soccerlg/soccerlg_s3_b1.c
    000001A0 21 03 00         [10]  883 	ld	hl, #3
    000001A3 39               [11]  884 	add	hl, sp
    000001A4 7E               [ 7]  885 	ld	a, (hl)
    000001A5 E6 3F            [ 7]  886 	and	a, #0x3f
    000001A7 77               [ 7]  887 	ld	(hl), a
                                    888 ;E:\Dropbox\FAUSTO\SVILUPPI\MSX\CODE\C\MSXgl\projects\soccerlg/soccerlg_s3_b1.c:120: ERROR: no line number 120 in file E:\Dropbox\FAUSTO\SVILUPPI\MSX\CODE\C\MSXgl\projects\soccerlg/soccerlg_s3_b1.c
    000001A8 01r00r00         [10]  889 	ld	bc, #_g_PonPonGirls+0
    000001AB DD 5E FF         [19]  890 	ld	e, -1 (ix)
    000001AE 16 00            [ 7]  891 	ld	d, #0x00
    000001B0 6B               [ 4]  892 	ld	l, e
    000001B1 62               [ 4]  893 	ld	h, d
    000001B2 29               [11]  894 	add	hl, hl
    000001B3 29               [11]  895 	add	hl, hl
    000001B4 19               [11]  896 	add	hl, de
    000001B5 09               [11]  897 	add	hl, bc
    000001B6 EB               [ 4]  898 	ex	de, hl
    000001B7 1A               [ 7]  899 	ld	a, (de)
    000001B8 6F               [ 4]  900 	ld	l, a
                                    901 ;	spillPairReg hl
                                    902 ;	spillPairReg hl
    000001B9 3Ar00r00         [13]  903 	ld	a, (_g_FieldCurrentYPosition+0)
    000001BC 4F               [ 4]  904 	ld	c, a
    000001BD 7D               [ 4]  905 	ld	a, l
    000001BE 91               [ 4]  906 	sub	a, c
    000001BF DD 77 FB         [19]  907 	ld	-5 (ix), a
                                    908 ;E:\Dropbox\FAUSTO\SVILUPPI\MSX\CODE\C\MSXgl\projects\soccerlg/soccerlg_s3_b1.c:121: ERROR: no line number 121 in file E:\Dropbox\FAUSTO\SVILUPPI\MSX\CODE\C\MSXgl\projects\soccerlg/soccerlg_s3_b1.c
    000001C2 6B               [ 4]  909 	ld	l, e
                                    910 ;	spillPairReg hl
                                    911 ;	spillPairReg hl
    000001C3 62               [ 4]  912 	ld	h, d
                                    913 ;	spillPairReg hl
                                    914 ;	spillPairReg hl
    000001C4 23               [ 6]  915 	inc	hl
    000001C5 23               [ 6]  916 	inc	hl
    000001C6 4E               [ 7]  917 	ld	c, (hl)
    000001C7 23               [ 6]  918 	inc	hl
    000001C8 46               [ 7]  919 	ld	b, (hl)
    000001C9 21 02 00         [10]  920 	ld	hl, #2
    000001CC 39               [11]  921 	add	hl, sp
    000001CD 71               [ 7]  922 	ld	(hl), c
    000001CE 23               [ 6]  923 	inc	hl
    000001CF 78               [ 4]  924 	ld	a, b
    000001D0 E6 03            [ 7]  925 	and	a, #0x03
    000001D2 4F               [ 4]  926 	ld	c,a
    000001D3 7E               [ 7]  927 	ld	a, (hl)
    000001D4 E6 FC            [ 7]  928 	and	a, #0xfc
    000001D6 B1               [ 4]  929 	or	a, c
    000001D7 77               [ 7]  930 	ld	(hl), a
                                    931 ;E:\Dropbox\FAUSTO\SVILUPPI\MSX\CODE\C\MSXgl\projects\soccerlg/soccerlg_s3_b1.c:122: ERROR: no line number 122 in file E:\Dropbox\FAUSTO\SVILUPPI\MSX\CODE\C\MSXgl\projects\soccerlg/soccerlg_s3_b1.c
    000001D8 3Ar00r00         [13]  932 	ld	a, (_g_ActiveFieldZone+0)
    000001DB B7               [ 4]  933 	or	a, a
    000001DC 20 08            [12]  934 	jr	NZ, 00101$
    000001DE DD 4E FB         [19]  935 	ld	c, -5 (ix)
    000001E1 3E 64            [ 7]  936 	ld	a, #0x64
    000001E3 91               [ 4]  937 	sub	a, c
    000001E4 30 06            [12]  938 	jr	NC, 00102$
    000001E6                        939 00101$:
                                    940 ;E:\Dropbox\FAUSTO\SVILUPPI\MSX\CODE\C\MSXgl\projects\soccerlg/soccerlg_s3_b1.c:123: ERROR: no line number 123 in file E:\Dropbox\FAUSTO\SVILUPPI\MSX\CODE\C\MSXgl\projects\soccerlg/soccerlg_s3_b1.c
    000001E6 21 03 00         [10]  941 	ld	hl, #3
    000001E9 39               [11]  942 	add	hl, sp
    000001EA CB E6            [15]  943 	set	4, (hl)
    000001EC                        944 00102$:
                                    945 ;E:\Dropbox\FAUSTO\SVILUPPI\MSX\CODE\C\MSXgl\projects\soccerlg/soccerlg_s3_b1.c:125: ERROR: no line number 125 in file E:\Dropbox\FAUSTO\SVILUPPI\MSX\CODE\C\MSXgl\projects\soccerlg/soccerlg_s3_b1.c
    000001EC 21 04 00         [10]  946 	ld	hl, #4
    000001EF 19               [11]  947 	add	hl, de
    000001F0 7E               [ 7]  948 	ld	a, (hl)
    000001F1 DD 77 FC         [19]  949 	ld	-4 (ix), a
                                    950 ;E:\Dropbox\FAUSTO\SVILUPPI\MSX\CODE\C\MSXgl\projects\soccerlg/soccerlg_s3_b1.c:126: ERROR: no line number 126 in file E:\Dropbox\FAUSTO\SVILUPPI\MSX\CODE\C\MSXgl\projects\soccerlg/soccerlg_s3_b1.c
    000001F4 21 03 00         [10]  951 	ld	hl, #3
    000001F7 39               [11]  952 	add	hl, sp
    000001F8 CB EE            [15]  953 	set	5, (hl)
                                    954 ;E:\Dropbox\FAUSTO\SVILUPPI\MSX\CODE\C\MSXgl\projects\soccerlg/soccerlg_s3_b1.c:127: ERROR: no line number 127 in file E:\Dropbox\FAUSTO\SVILUPPI\MSX\CODE\C\MSXgl\projects\soccerlg/soccerlg_s3_b1.c
    000001FA DD 7E FF         [19]  955 	ld	a, -1 (ix)
    000001FD C6 14            [ 7]  956 	add	a, #0x14
                                    957 ;E:/Dropbox/FAUSTO/SVILUPPI/MSX/CODE/C/MSXgl/engine/src/v9990.h:781: ERROR: no line number 781 in file E:/Dropbox/FAUSTO/SVILUPPI/MSX/CODE/C/MSXgl/engine/src/v9990.h
    000001FF 6F               [ 4]  958 	ld	l, a
                                    959 ;	spillPairReg hl
                                    960 ;	spillPairReg hl
    00000200 26 00            [ 7]  961 	ld	h, #0x00
                                    962 ;	spillPairReg hl
                                    963 ;	spillPairReg hl
    00000202 29               [11]  964 	add	hl, hl
    00000203 29               [11]  965 	add	hl, hl
    00000204 7C               [ 4]  966 	ld	a, h
    00000205 07               [ 4]  967 	rlca
    00000206 9F               [ 4]  968 	sbc	a, a
    00000207 5F               [ 4]  969 	ld	e, a
    00000208 57               [ 4]  970 	ld	d, a
    00000209 7C               [ 4]  971 	ld	a, h
    0000020A C6 FE            [ 7]  972 	add	a, #0xfe
    0000020C 67               [ 4]  973 	ld	h, a
                                    974 ;	spillPairReg hl
                                    975 ;	spillPairReg hl
    0000020D 7B               [ 4]  976 	ld	a, e
    0000020E CE 03            [ 7]  977 	adc	a, #0x03
    00000210 5F               [ 4]  978 	ld	e, a
    00000211 30 01            [12]  979 	jr	NC, 00113$
    00000213 14               [ 4]  980 	inc	d
    00000214                        981 00113$:
                                    982 ;E:/Dropbox/FAUSTO/SVILUPPI/MSX/CODE/C/MSXgl/engine/src/v9990.h:371: ERROR: no line number 371 in file E:/Dropbox/FAUSTO/SVILUPPI/MSX/CODE/C/MSXgl/engine/src/v9990.h
    00000214 EB               [ 4]  983 	ex	de, hl
    00000215 CDr00r00         [17]  984 	call	_V9_SetWriteAddress
    00000218 11 04 00         [10]  985 	ld	de, #0x0004
    0000021B 21 00 00         [10]  986 	ld	hl, #0
    0000021E 39               [11]  987 	add	hl, sp
    0000021F CDr00r00         [17]  988 	call	_V9_WriteVRAM_CurrentAddr
                                    989 ;E:\Dropbox\FAUSTO\SVILUPPI\MSX\CODE\C\MSXgl\projects\soccerlg/soccerlg_s3_b1.c:127: ERROR: no line number 127 in file E:\Dropbox\FAUSTO\SVILUPPI\MSX\CODE\C\MSXgl\projects\soccerlg/soccerlg_s3_b1.c
                                    990 ;E:\Dropbox\FAUSTO\SVILUPPI\MSX\CODE\C\MSXgl\projects\soccerlg/soccerlg_s3_b1.c:128: ERROR: no line number 128 in file E:\Dropbox\FAUSTO\SVILUPPI\MSX\CODE\C\MSXgl\projects\soccerlg/soccerlg_s3_b1.c
    00000222 DD F9            [10]  991 	ld	sp, ix
    00000224 DD E1            [14]  992 	pop	ix
    00000226 C9               [10]  993 	ret
                                    994 	.area _SEG3
                                    995 	.area _INITIALIZER
                                    996 	.area _CABS (ABS)
